#
# There is insufficient memory for the Java Runtime Environment to continue.
# Native memory allocation (malloc) failed to allocate 2178368 bytes for Chunk::new
# Possible reasons:
#   The system is out of physical RAM or swap space
#   The process is running with CompressedOops enabled, and the Java Heap may be blocking the growth of the native heap
# Possible solutions:
#   Reduce memory load on the system
#   Increase physical memory or swap space
#   Check if swap backing store is full
#   Decrease Java heap size (-Xmx/-Xms)
#   Decrease number of Java threads
#   Decrease Java thread stack sizes (-Xss)
#   Set larger code cache with -XX:ReservedCodeCacheSize=
#   JVM is running with Unscaled Compressed Oops mode in which the Java heap is
#     placed in the first 4GB address space. The Java Heap base address is the
#     maximum limit for the native heap growth. Please use -XX:HeapBaseMinAddress
#     to set the Java Heap base and to place the Java Heap above 4GB virtual address.
# This output file may be truncated or incomplete.
#
#  Out of Memory Error (arena.cpp:184), pid=15792, tid=17484
#
# JRE version: Java(TM) SE Runtime Environment (19.0+36) (build 19+36-2238)
# Java VM: Java HotSpot(TM) 64-Bit Server VM (19+36-2238, mixed mode, sharing, tiered, compressed oops, compressed class ptrs, g1 gc, windows-amd64)
# No core dump will be written. Minidumps are not enabled by default on client versions of Windows
#

---------------  S U M M A R Y ------------

Command Line: -javaagent:C:\Program Files\JetBrains\IntelliJ IDEA Community Edition 2023.2\lib\idea_rt.jar=56674:C:\Program Files\JetBrains\IntelliJ IDEA Community Edition 2023.2\bin -Dfile.encoding=UTF-8 -Dsun.stdout.encoding=UTF-8 -Dsun.stderr.encoding=UTF-8 com.krr.ProductManagementWebUsingSpringBoot.ProductManagementWebAppApplication

Host: Intel(R) Core(TM) i7-6600U CPU @ 2.60GHz, 4 cores, 7G,  Windows 10 , 64 bit Build 19041 (10.0.19041.3031)
Time: Sun Aug  6 16:05:11 2023 India Standard Time elapsed time: 11.370643 seconds (0d 0h 0m 11s)

---------------  T H R E A D  ---------------

Current thread (0x000001a5e07f5910):  JavaThread "C2 CompilerThread0" daemon [_thread_in_native, id=17484, stack(0x0000002c50400000,0x0000002c50500000)]


Current CompileTask:
C2:  11370 4352   !   4       org.springframework.core.annotation.AnnotationsScanner::processMethodHierarchy (276 bytes)

Stack: [0x0000002c50400000,0x0000002c50500000]
Native frames: (J=compiled Java code, j=interpreted, Vv=VM code, C=native code)
V  [jvm.dll+0x6ee8fa]
V  [jvm.dll+0x857a1e]
V  [jvm.dll+0x85940e]
V  [jvm.dll+0x859ac3]
V  [jvm.dll+0x28291f]
V  [jvm.dll+0xc9b5f]
V  [jvm.dll+0xc9ee5]
V  [jvm.dll+0x3bcbac]
V  [jvm.dll+0x1ee31a]
V  [jvm.dll+0x24c41b]
V  [jvm.dll+0x24b671]
V  [jvm.dll+0x1d6d61]
V  [jvm.dll+0x25b0fa]
V  [jvm.dll+0x259588]
V  [jvm.dll+0x807928]
V  [jvm.dll+0x8015fa]
V  [jvm.dll+0x6ed5eb]
C  [ucrtbase.dll+0x21bb2]
C  [KERNEL32.DLL+0x17614]
C  [ntdll.dll+0x526f1]


---------------  P R O C E S S  ---------------

Threads class SMR info:
_java_thread_list=0x000001a5e7cb68b0, length=20, elements={
0x000001a5c09560b0, 0x000001a5e07e9740, 0x000001a5e07ea6d0, 0x000001a5e07eebf0,
0x000001a5e07f2780, 0x000001a5e07f30b0, 0x000001a5e07f4180, 0x000001a5e07f5910,
0x000001a5e07fb430, 0x000001a5e0800620, 0x000001a5e07bc960, 0x000001a5e4f89ac0,
0x000001a5e50ae190, 0x000001a5e63d9de0, 0x000001a5e5d860a0, 0x000001a5e640c8d0,
0x000001a5e738c160, 0x000001a5e6a99080, 0x000001a5e63671c0, 0x000001a5e5c06600
}

Java Threads: ( => current thread )
  0x000001a5c09560b0 JavaThread "main" [_thread_in_vm, id=7272, stack(0x0000002c4f700000,0x0000002c4f800000)]
  0x000001a5e07e9740 JavaThread "Reference Handler" daemon [_thread_blocked, id=14584, stack(0x0000002c4fe00000,0x0000002c4ff00000)]
  0x000001a5e07ea6d0 JavaThread "Finalizer" daemon [_thread_blocked, id=12528, stack(0x0000002c4ff00000,0x0000002c50000000)]
  0x000001a5e07eebf0 JavaThread "Signal Dispatcher" daemon [_thread_blocked, id=16700, stack(0x0000002c50000000,0x0000002c50100000)]
  0x000001a5e07f2780 JavaThread "Attach Listener" daemon [_thread_blocked, id=8316, stack(0x0000002c50100000,0x0000002c50200000)]
  0x000001a5e07f30b0 JavaThread "Service Thread" daemon [_thread_blocked, id=17004, stack(0x0000002c50200000,0x0000002c50300000)]
  0x000001a5e07f4180 JavaThread "Monitor Deflation Thread" daemon [_thread_blocked, id=18848, stack(0x0000002c50300000,0x0000002c50400000)]
=>0x000001a5e07f5910 JavaThread "C2 CompilerThread0" daemon [_thread_in_native, id=17484, stack(0x0000002c50400000,0x0000002c50500000)]
  0x000001a5e07fb430 JavaThread "C1 CompilerThread0" daemon [_thread_in_vm, id=19172, stack(0x0000002c50500000,0x0000002c50600000)]
  0x000001a5e0800620 JavaThread "Sweeper thread" daemon [_thread_blocked, id=8764, stack(0x0000002c50600000,0x0000002c50700000)]
  0x000001a5e07bc960 JavaThread "Common-Cleaner" daemon [_thread_blocked, id=1844, stack(0x0000002c50700000,0x0000002c50800000)]
  0x000001a5e4f89ac0 JavaThread "Monitor Ctrl-Break" daemon [_thread_in_native, id=9272, stack(0x0000002c50900000,0x0000002c50a00000)]
  0x000001a5e50ae190 JavaThread "Notification Thread" daemon [_thread_blocked, id=17692, stack(0x0000002c50a00000,0x0000002c50b00000)]
  0x000001a5e63d9de0 JavaThread "Catalina-utility-1" [_thread_blocked, id=15548, stack(0x0000002c51000000,0x0000002c51100000)]
  0x000001a5e5d860a0 JavaThread "Catalina-utility-2" [_thread_blocked, id=17664, stack(0x0000002c51100000,0x0000002c51200000)]
  0x000001a5e640c8d0 JavaThread "container-0" [_thread_blocked, id=5956, stack(0x0000002c51200000,0x0000002c51300000)]
  0x000001a5e738c160 JavaThread "PostgreSQL-JDBC-Cleaner" daemon [_thread_blocked, id=17776, stack(0x0000002c51400000,0x0000002c51500000)]
  0x000001a5e6a99080 JavaThread "HikariPool-1 housekeeper" daemon [_thread_blocked, id=8664, stack(0x0000002c51500000,0x0000002c51600000)]
  0x000001a5e63671c0 JavaThread "HikariPool-1 connection adder" daemon [_thread_blocked, id=19380, stack(0x0000002c51600000,0x0000002c51700000)]
  0x000001a5e5c06600 JavaThread "C2 CompilerThread1" daemon [_thread_in_native, id=9484, stack(0x0000002c50800000,0x0000002c50900000)]

Other Threads:
  0x000001a5e07cbad0 VMThread "VM Thread" [stack: 0x0000002c4fd00000,0x0000002c4fe00000] [id=11372]
  0x000001a5e4ec25a0 WatcherThread "VM Periodic Task Thread" [stack: 0x0000002c50b00000,0x0000002c50c00000] [id=15464]
  0x000001a5c09b4ac0 WorkerThread "GC Thread#0" [stack: 0x0000002c4f800000,0x0000002c4f900000] [id=17448]
  0x000001a5e5364c90 WorkerThread "GC Thread#1" [stack: 0x0000002c50c00000,0x0000002c50d00000] [id=1628]
  0x000001a5e5364f60 WorkerThread "GC Thread#2" [stack: 0x0000002c50d00000,0x0000002c50e00000] [id=15444]
  0x000001a5e5398920 WorkerThread "GC Thread#3" [stack: 0x0000002c50e00000,0x0000002c50f00000] [id=15664]
  0x000001a5c09c65c0 ConcurrentGCThread "G1 Main Marker" [stack: 0x0000002c4f900000,0x0000002c4fa00000] [id=16816]
  0x000001a5c09c80b0 WorkerThread "G1 Conc#0" [stack: 0x0000002c4fa00000,0x0000002c4fb00000] [id=4632]
  0x000001a5e068b100 ConcurrentGCThread "G1 Refine#0" [stack: 0x0000002c4fb00000,0x0000002c4fc00000] [id=14068]
  0x000001a5e068bb50 ConcurrentGCThread "G1 Service" [stack: 0x0000002c4fc00000,0x0000002c4fd00000] [id=9772]

Threads with active compile tasks:
C2 CompilerThread0    11420 4352   !   4       org.springframework.core.annotation.AnnotationsScanner::processMethodHierarchy (276 bytes)
C2 CompilerThread1    11420 4489       4       java.util.concurrent.ConcurrentMap::computeIfAbsent (51 bytes)

VM state: not at safepoint (normal execution)

VM Mutex/Monitor currently owned by a thread: None

Heap address: 0x0000000081c00000, size: 2020 MB, Compressed Oops mode: 32-bit

CDS archive(s) mapped at: [0x0000000800000000-0x0000000800c40000-0x0000000800c40000), size 12845056, SharedBaseAddress: 0x0000000800000000, ArchiveRelocationMode: 0.
Compressed class space mapped at: 0x0000000801000000-0x0000000841000000, reserved size: 1073741824
Narrow klass base: 0x0000000800000000, Narrow klass shift: 0, Narrow klass range: 0x100000000

GC Precious Log:
 CardTable entry size: 512
 Card Set container configuration: InlinePtr #cards 5 size 8 Array Of Cards #cards 12 size 40 Howl #buckets 4 coarsen threshold 1843 Howl Bitmap #cards 512 size 80 coarsen threshold 460 Card regions per heap region 1 cards per card region 2048
 CPUs: 4 total, 4 available
 Memory: 8072M
 Large Page Support: Disabled
 NUMA Support: Disabled
 Compressed Oops: Enabled (32-bit)
 Heap Region Size: 1M
 Heap Min Capacity: 8M
 Heap Initial Capacity: 128M
 Heap Max Capacity: 2020M
 Pre-touch: Disabled
 Parallel Workers: 4
 Concurrent Workers: 1
 Concurrent Refinement Workers: 4
 Periodic GC: Disabled

Heap:
 garbage-first heap   total 65536K, used 21228K [0x0000000081c00000, 0x0000000100000000)
  region size 1024K, 3 young (3072K), 2 survivors (2048K)
 Metaspace       used 52513K, committed 53056K, reserved 1114112K
  class space    used 6909K, committed 7168K, reserved 1048576K

Heap Regions: E=young(eden), S=young(survivor), O=old, HS=humongous(starts), HC=humongous(continues), CS=collection set, F=free, OA=open archive, CA=closed archive, TAMS=top-at-mark-start (previous, next)
|   0|0x0000000081c00000, 0x0000000081d00000, 0x0000000081d00000|100%|HS|  |TAMS 0x0000000081d00000, 0x0000000081c00000| Complete 
|   1|0x0000000081d00000, 0x0000000081e00000, 0x0000000081e00000|100%| O|  |TAMS 0x0000000081e00000, 0x0000000081d00000| Untracked 
|   2|0x0000000081e00000, 0x0000000081f00000, 0x0000000081f00000|100%| O|  |TAMS 0x0000000081f00000, 0x0000000081e00000| Untracked 
|   3|0x0000000081f00000, 0x0000000082000000, 0x0000000082000000|100%| O|  |TAMS 0x0000000082000000, 0x0000000081f00000| Untracked 
|   4|0x0000000082000000, 0x0000000082100000, 0x0000000082100000|100%| O|  |TAMS 0x0000000082100000, 0x0000000082000000| Untracked 
|   5|0x0000000082100000, 0x0000000082200000, 0x0000000082200000|100%| O|  |TAMS 0x0000000082100000, 0x0000000082100000| Untracked 
|   6|0x0000000082200000, 0x0000000082300000, 0x0000000082300000|100%| O|  |TAMS 0x0000000082300000, 0x0000000082200000| Untracked 
|   7|0x0000000082300000, 0x0000000082400000, 0x0000000082400000|100%| O|  |TAMS 0x0000000082400000, 0x0000000082300000| Untracked 
|   8|0x0000000082400000, 0x0000000082500000, 0x0000000082500000|100%| O|  |TAMS 0x0000000082500000, 0x0000000082400000| Untracked 
|   9|0x0000000082500000, 0x0000000082600000, 0x0000000082600000|100%| O|  |TAMS 0x0000000082600000, 0x0000000082500000| Untracked 
|  10|0x0000000082600000, 0x0000000082700000, 0x0000000082700000|100%| O|  |TAMS 0x0000000082700000, 0x0000000082600000| Untracked 
|  11|0x0000000082700000, 0x0000000082800000, 0x0000000082800000|100%| O|  |TAMS 0x0000000082800000, 0x0000000082700000| Untracked 
|  12|0x0000000082800000, 0x0000000082900000, 0x0000000082900000|100%| O|  |TAMS 0x0000000082900000, 0x0000000082800000| Untracked 
|  13|0x0000000082900000, 0x0000000082a00000, 0x0000000082a00000|100%| O|  |TAMS 0x0000000082a00000, 0x0000000082900000| Untracked 
|  14|0x0000000082a00000, 0x0000000082b00000, 0x0000000082b00000|100%| O|  |TAMS 0x0000000082b00000, 0x0000000082a00000| Untracked 
|  15|0x0000000082b00000, 0x0000000082b00000, 0x0000000082c00000|  0%| F|  |TAMS 0x0000000082b00000, 0x0000000082b00000| Untracked 
|  16|0x0000000082c00000, 0x0000000082d00000, 0x0000000082d00000|100%| O|  |TAMS 0x0000000082c00000, 0x0000000082c00000| Untracked 
|  17|0x0000000082d00000, 0x0000000082e00000, 0x0000000082e00000|100%| O|  |TAMS 0x0000000082d00000, 0x0000000082d00000| Untracked 
|  18|0x0000000082e00000, 0x0000000082f00000, 0x0000000082f00000|100%| O|  |TAMS 0x0000000082e00000, 0x0000000082e00000| Untracked 
|  19|0x0000000082f00000, 0x0000000082fcfa00, 0x0000000083000000| 81%| O|  |TAMS 0x0000000082f00000, 0x0000000082f00000| Untracked 
|  20|0x0000000083000000, 0x0000000083000000, 0x0000000083100000|  0%| F|  |TAMS 0x0000000083000000, 0x0000000083000000| Untracked 
|  21|0x0000000083100000, 0x0000000083100000, 0x0000000083200000|  0%| F|  |TAMS 0x0000000083100000, 0x0000000083100000| Untracked 
|  22|0x0000000083200000, 0x0000000083200000, 0x0000000083300000|  0%| F|  |TAMS 0x0000000083200000, 0x0000000083200000| Untracked 
|  23|0x0000000083300000, 0x0000000083300000, 0x0000000083400000|  0%| F|  |TAMS 0x0000000083300000, 0x0000000083300000| Untracked 
|  24|0x0000000083400000, 0x0000000083400000, 0x0000000083500000|  0%| F|  |TAMS 0x0000000083400000, 0x0000000083400000| Untracked 
|  25|0x0000000083500000, 0x0000000083500000, 0x0000000083600000|  0%| F|  |TAMS 0x0000000083500000, 0x0000000083500000| Untracked 
|  26|0x0000000083600000, 0x0000000083600000, 0x0000000083700000|  0%| F|  |TAMS 0x0000000083600000, 0x0000000083600000| Untracked 
|  27|0x0000000083700000, 0x0000000083700000, 0x0000000083800000|  0%| F|  |TAMS 0x0000000083700000, 0x0000000083700000| Untracked 
|  28|0x0000000083800000, 0x0000000083800000, 0x0000000083900000|  0%| F|  |TAMS 0x0000000083800000, 0x0000000083800000| Untracked 
|  29|0x0000000083900000, 0x0000000083900000, 0x0000000083a00000|  0%| F|  |TAMS 0x0000000083900000, 0x0000000083900000| Untracked 
|  30|0x0000000083a00000, 0x0000000083a00000, 0x0000000083b00000|  0%| F|  |TAMS 0x0000000083a00000, 0x0000000083a00000| Untracked 
|  31|0x0000000083b00000, 0x0000000083b00000, 0x0000000083c00000|  0%| F|  |TAMS 0x0000000083b00000, 0x0000000083b00000| Untracked 
|  32|0x0000000083c00000, 0x0000000083c00000, 0x0000000083d00000|  0%| F|  |TAMS 0x0000000083c00000, 0x0000000083c00000| Untracked 
|  33|0x0000000083d00000, 0x0000000083d00000, 0x0000000083e00000|  0%| F|  |TAMS 0x0000000083d00000, 0x0000000083d00000| Untracked 
|  34|0x0000000083e00000, 0x0000000083eeb830, 0x0000000083f00000| 91%| S|CS|TAMS 0x0000000083e00000, 0x0000000083e00000| Complete 
|  35|0x0000000083f00000, 0x0000000084000000, 0x0000000084000000|100%| S|CS|TAMS 0x0000000083f00000, 0x0000000083f00000| Complete 
|  36|0x0000000084000000, 0x0000000084000000, 0x0000000084100000|  0%| F|  |TAMS 0x0000000084000000, 0x0000000084000000| Untracked 
|  37|0x0000000084100000, 0x0000000084100000, 0x0000000084200000|  0%| F|  |TAMS 0x0000000084100000, 0x0000000084100000| Untracked 
|  38|0x0000000084200000, 0x0000000084200000, 0x0000000084300000|  0%| F|  |TAMS 0x0000000084200000, 0x0000000084200000| Untracked 
|  39|0x0000000084300000, 0x0000000084300000, 0x0000000084400000|  0%| F|  |TAMS 0x0000000084300000, 0x0000000084300000| Untracked 
|  40|0x0000000084400000, 0x0000000084400000, 0x0000000084500000|  0%| F|  |TAMS 0x0000000084400000, 0x0000000084400000| Untracked 
|  41|0x0000000084500000, 0x0000000084500000, 0x0000000084600000|  0%| F|  |TAMS 0x0000000084500000, 0x0000000084500000| Untracked 
|  42|0x0000000084600000, 0x0000000084600000, 0x0000000084700000|  0%| F|  |TAMS 0x0000000084600000, 0x0000000084600000| Untracked 
|  43|0x0000000084700000, 0x0000000084700000, 0x0000000084800000|  0%| F|  |TAMS 0x0000000084700000, 0x0000000084700000| Untracked 
|  44|0x0000000084800000, 0x0000000084800000, 0x0000000084900000|  0%| F|  |TAMS 0x0000000084800000, 0x0000000084800000| Untracked 
|  45|0x0000000084900000, 0x0000000084900000, 0x0000000084a00000|  0%| F|  |TAMS 0x0000000084900000, 0x0000000084900000| Untracked 
|  46|0x0000000084a00000, 0x0000000084a00000, 0x0000000084b00000|  0%| F|  |TAMS 0x0000000084a00000, 0x0000000084a00000| Untracked 
|  47|0x0000000084b00000, 0x0000000084b00000, 0x0000000084c00000|  0%| F|  |TAMS 0x0000000084b00000, 0x0000000084b00000| Untracked 
|  48|0x0000000084c00000, 0x0000000084c00000, 0x0000000084d00000|  0%| F|  |TAMS 0x0000000084c00000, 0x0000000084c00000| Untracked 
|  49|0x0000000084d00000, 0x0000000084d00000, 0x0000000084e00000|  0%| F|  |TAMS 0x0000000084d00000, 0x0000000084d00000| Untracked 
|  50|0x0000000084e00000, 0x0000000084e00000, 0x0000000084f00000|  0%| F|  |TAMS 0x0000000084e00000, 0x0000000084e00000| Untracked 
|  51|0x0000000084f00000, 0x0000000084f00000, 0x0000000085000000|  0%| F|  |TAMS 0x0000000084f00000, 0x0000000084f00000| Untracked 
|  52|0x0000000085000000, 0x0000000085000000, 0x0000000085100000|  0%| F|  |TAMS 0x0000000085000000, 0x0000000085000000| Untracked 
|  53|0x0000000085100000, 0x0000000085100000, 0x0000000085200000|  0%| F|  |TAMS 0x0000000085100000, 0x0000000085100000| Untracked 
|  54|0x0000000085200000, 0x0000000085200000, 0x0000000085300000|  0%| F|  |TAMS 0x0000000085200000, 0x0000000085200000| Untracked 
|  55|0x0000000085300000, 0x0000000085300000, 0x0000000085400000|  0%| F|  |TAMS 0x0000000085300000, 0x0000000085300000| Untracked 
|  56|0x0000000085400000, 0x0000000085400000, 0x0000000085500000|  0%| F|  |TAMS 0x0000000085400000, 0x0000000085400000| Untracked 
|  57|0x0000000085500000, 0x0000000085500000, 0x0000000085600000|  0%| F|  |TAMS 0x0000000085500000, 0x0000000085500000| Untracked 
|  58|0x0000000085600000, 0x0000000085600000, 0x0000000085700000|  0%| F|  |TAMS 0x0000000085600000, 0x0000000085600000| Untracked 
|  59|0x0000000085700000, 0x0000000085700000, 0x0000000085800000|  0%| F|  |TAMS 0x0000000085700000, 0x0000000085700000| Untracked 
|  60|0x0000000085800000, 0x0000000085800000, 0x0000000085900000|  0%| F|  |TAMS 0x0000000085800000, 0x0000000085800000| Untracked 
|  61|0x0000000085900000, 0x0000000085900000, 0x0000000085a00000|  0%| F|  |TAMS 0x0000000085900000, 0x0000000085900000| Untracked 
|  62|0x0000000085a00000, 0x0000000085a00000, 0x0000000085b00000|  0%| F|  |TAMS 0x0000000085a00000, 0x0000000085a00000| Untracked 
| 127|0x0000000089b00000, 0x0000000089c00000, 0x0000000089c00000|100%| E|  |TAMS 0x0000000089b00000, 0x0000000089b00000| Complete 

Card table byte_map: [0x000001a5d9aa0000,0x000001a5d9ea0000] _byte_map_base: 0x000001a5d9692000

Marking Bits (Prev, Next): (CMBitMap*) 0x000001a5c09b6010, (CMBitMap*) 0x000001a5c09b6050
 Prev Bits: [0x000001a5da2a0000, 0x000001a5dc230000)
 Next Bits: [0x000001a5dc230000, 0x000001a5de1c0000)

Polling page: 0x000001a5c07b0000

Metaspace:

Usage:
  Non-class:     44.55 MB used.
      Class:      6.75 MB used.
       Both:     51.30 MB used.

Virtual space:
  Non-class space:       64.00 MB reserved,      44.81 MB ( 70%) committed,  1 nodes.
      Class space:        1.00 GB reserved,       7.00 MB ( <1%) committed,  1 nodes.
             Both:        1.06 GB reserved,      51.81 MB (  5%) committed. 

Chunk freelists:
   Non-Class:  2.27 MB
       Class:  1.04 MB
        Both:  3.30 MB

MaxMetaspaceSize: unlimited
CompressedClassSpaceSize: 1.00 GB
Initial GC threshold: 21.00 MB
Current GC threshold: 58.88 MB
CDS: on
MetaspaceReclaimPolicy: balanced
 - commit_granule_bytes: 65536.
 - commit_granule_words: 8192.
 - virtual_space_node_default_size: 8388608.
 - enlarge_chunks_in_place: 1.
 - new_chunks_are_fully_committed: 0.
 - uncommit_free_chunks: 1.
 - use_allocation_guard: 0.


Internal statistics:

num_allocs_failed_limit: 6.
num_arena_births: 728.
num_arena_deaths: 0.
num_vsnodes_births: 2.
num_vsnodes_deaths: 0.
num_space_committed: 829.
num_space_uncommitted: 0.
num_chunks_returned_to_freelist: 6.
num_chunks_taken_from_freelist: 2534.
num_chunk_merges: 6.
num_chunk_splits: 1882.
num_chunks_enlarged: 1539.
num_inconsistent_stats: 0.

CodeHeap 'non-profiled nmethods': size=120000Kb used=2735Kb max_used=2735Kb free=117264Kb
 bounds [0x000001a5d1b50000, 0x000001a5d1e00000, 0x000001a5d9080000]
CodeHeap 'profiled nmethods': size=120000Kb used=9211Kb max_used=9211Kb free=110788Kb
 bounds [0x000001a5ca080000, 0x000001a5ca980000, 0x000001a5d15b0000]
CodeHeap 'non-nmethods': size=5760Kb used=1391Kb max_used=1440Kb free=4368Kb
 bounds [0x000001a5d15b0000, 0x000001a5d1820000, 0x000001a5d1b50000]
 total_blobs=5120 nmethods=4485 adapters=543
 compilation: enabled
              stopped_count=0, restarted_count=0
 full_count=0

Compilation events (20 events):
Event: 11.354 Thread 0x000001a5e07fb430 4481       3       org.springframework.data.repository.core.support.MethodLookups$$Lambda$1077/0x00000008016e3108::getLookups (8 bytes)
Event: 11.354 Thread 0x000001a5e07fb430 nmethod 4481 0x000001a5ca976990 code [0x000001a5ca976b60, 0x000001a5ca976f58]
Event: 11.354 Thread 0x000001a5e07fb430 4482       3       org.springframework.data.repository.core.support.MethodLookups::lambda$direct$1 (5 bytes)
Event: 11.355 Thread 0x000001a5e07fb430 nmethod 4482 0x000001a5ca977110 code [0x000001a5ca9772e0, 0x000001a5ca977658]
Event: 11.355 Thread 0x000001a5e07fb430 4483       3       org.springframework.data.repository.core.support.MethodLookups$RepositoryAwareMethodLookup::getLookups (12 bytes)
Event: 11.355 Thread 0x000001a5e07fb430 nmethod 4483 0x000001a5ca977810 code [0x000001a5ca977a40, 0x000001a5ca978208]
Event: 11.355 Thread 0x000001a5e07fb430 4484       3       org.springframework.data.repository.core.support.MethodLookups$RepositoryAwareMethodLookup$$Lambda$1093/0x00000008016eb448::<init> (10 bytes)
Event: 11.355 Thread 0x000001a5e07fb430 nmethod 4484 0x000001a5ca978510 code [0x000001a5ca9786c0, 0x000001a5ca978878]
Event: 11.355 Thread 0x000001a5e07fb430 4488       3       java.util.stream.Streams$ConcatSpliterator::estimateSize (51 bytes)
Event: 11.356 Thread 0x000001a5e07fb430 nmethod 4488 0x000001a5ca978910 code [0x000001a5ca978ae0, 0x000001a5ca978f28]
Event: 11.356 Thread 0x000001a5e07fb430 4487       3       org.springframework.data.repository.core.support.DefaultRepositoryInformation::isBaseClassMethod (23 bytes)
Event: 11.356 Thread 0x000001a5e07fb430 nmethod 4487 0x000001a5ca979090 code [0x000001a5ca9792e0, 0x000001a5ca979c28]
Event: 11.356 Thread 0x000001a5e07fb430 4476       3       org.springframework.data.repository.core.RepositoryInformationSupport::isQueryAnnotationPresentOn (15 bytes)
Event: 11.357 Thread 0x000001a5e07fb430 nmethod 4476 0x000001a5ca979f90 code [0x000001a5ca97a140, 0x000001a5ca97a2e8]
Event: 11.357 Thread 0x000001a5e07fb430 4485       3       org.springframework.core.annotation.AnnotationUtils::findAnnotation (70 bytes)
Event: 11.358 Thread 0x000001a5e07fb430 nmethod 4485 0x000001a5ca97a390 code [0x000001a5ca97a740, 0x000001a5ca97c0d8]
Event: 11.358 Thread 0x000001a5e07fb430 4486       3       org.springframework.core.annotation.AnnotationUtils$$Lambda$1104/0x00000008016ee280::test (10 bytes)
Event: 11.358 Thread 0x000001a5e07fb430 nmethod 4486 0x000001a5ca97c810 code [0x000001a5ca97c9c0, 0x000001a5ca97cca8]
Event: 11.359 Thread 0x000001a5e07fb430 4490       3       java.util.stream.MatchOps$1MatchSink::accept (44 bytes)
Event: 11.360 Thread 0x000001a5e07fb430 nmethod 4490 0x000001a5ca97cd90 code [0x000001a5ca97cf40, 0x000001a5ca97d1a8]

GC Heap History (20 events):
Event: 0.869 GC heap before
{Heap before GC invocations=0 (full 0):
 garbage-first heap   total 131072K, used 13312K [0x0000000081c00000, 0x0000000100000000)
  region size 1024K, 13 young (13312K), 0 survivors (0K)
 Metaspace       used 3714K, committed 3840K, reserved 1114112K
  class space    used 379K, committed 448K, reserved 1048576K
}
Event: 0.878 GC heap after
{Heap after GC invocations=1 (full 0):
 garbage-first heap   total 131072K, used 5929K [0x0000000081c00000, 0x0000000100000000)
  region size 1024K, 2 young (2048K), 2 survivors (2048K)
 Metaspace       used 3714K, committed 3840K, reserved 1114112K
  class space    used 379K, committed 448K, reserved 1048576K
}
Event: 1.559 GC heap before
{Heap before GC invocations=1 (full 0):
 garbage-first heap   total 131072K, used 19241K [0x0000000081c00000, 0x0000000100000000)
  region size 1024K, 15 young (15360K), 2 survivors (2048K)
 Metaspace       used 7407K, committed 7680K, reserved 1114112K
  class space    used 850K, committed 960K, reserved 1048576K
}
Event: 1.566 GC heap after
{Heap after GC invocations=2 (full 0):
 garbage-first heap   total 131072K, used 7492K [0x0000000081c00000, 0x0000000100000000)
  region size 1024K, 2 young (2048K), 2 survivors (2048K)
 Metaspace       used 7407K, committed 7680K, reserved 1114112K
  class space    used 850K, committed 960K, reserved 1048576K
}
Event: 2.363 GC heap before
{Heap before GC invocations=2 (full 0):
 garbage-first heap   total 131072K, used 35140K [0x0000000081c00000, 0x0000000100000000)
  region size 1024K, 30 young (30720K), 2 survivors (2048K)
 Metaspace       used 15291K, committed 15552K, reserved 1114112K
  class space    used 1788K, committed 1920K, reserved 1048576K
}
Event: 2.369 GC heap after
{Heap after GC invocations=3 (full 0):
 garbage-first heap   total 131072K, used 9460K [0x0000000081c00000, 0x0000000100000000)
  region size 1024K, 4 young (4096K), 4 survivors (4096K)
 Metaspace       used 15291K, committed 15552K, reserved 1114112K
  class space    used 1788K, committed 1920K, reserved 1048576K
}
Event: 4.303 GC heap before
{Heap before GC invocations=3 (full 0):
 garbage-first heap   total 131072K, used 45300K [0x0000000081c00000, 0x0000000100000000)
  region size 1024K, 40 young (40960K), 4 survivors (4096K)
 Metaspace       used 21170K, committed 21504K, reserved 1114112K
  class space    used 2517K, committed 2688K, reserved 1048576K
}
Event: 4.317 GC heap after
{Heap after GC invocations=4 (full 0):
 garbage-first heap   total 131072K, used 12661K [0x0000000081c00000, 0x0000000100000000)
  region size 1024K, 7 young (7168K), 7 survivors (7168K)
 Metaspace       used 21170K, committed 21504K, reserved 1114112K
  class space    used 2517K, committed 2688K, reserved 1048576K
}
Event: 5.781 GC heap before
{Heap before GC invocations=5 (full 0):
 garbage-first heap   total 48128K, used 34165K [0x0000000081c00000, 0x0000000100000000)
  region size 1024K, 28 young (28672K), 7 survivors (7168K)
 Metaspace       used 26207K, committed 26688K, reserved 1114112K
  class space    used 3176K, committed 3392K, reserved 1048576K
}
Event: 5.805 GC heap after
{Heap after GC invocations=6 (full 0):
 garbage-first heap   total 48128K, used 15083K [0x0000000081c00000, 0x0000000100000000)
  region size 1024K, 3 young (3072K), 3 survivors (3072K)
 Metaspace       used 26207K, committed 26688K, reserved 1114112K
  class space    used 3176K, committed 3392K, reserved 1048576K
}
Event: 5.839 GC heap before
{Heap before GC invocations=6 (full 0):
 garbage-first heap   total 48128K, used 16107K [0x0000000081c00000, 0x0000000100000000)
  region size 1024K, 4 young (4096K), 3 survivors (3072K)
 Metaspace       used 26497K, committed 26880K, reserved 1114112K
  class space    used 3214K, committed 3392K, reserved 1048576K
}
Event: 5.848 GC heap after
{Heap after GC invocations=7 (full 0):
 garbage-first heap   total 48128K, used 15853K [0x0000000081c00000, 0x0000000100000000)
  region size 1024K, 1 young (1024K), 1 survivors (1024K)
 Metaspace       used 26497K, committed 26880K, reserved 1114112K
  class space    used 3214K, committed 3392K, reserved 1048576K
}
Event: 7.021 GC heap before
{Heap before GC invocations=7 (full 0):
 garbage-first heap   total 48128K, used 32237K [0x0000000081c00000, 0x0000000100000000)
  region size 1024K, 18 young (18432K), 1 survivors (1024K)
 Metaspace       used 30672K, committed 31168K, reserved 1114112K
  class space    used 3745K, committed 3968K, reserved 1048576K
}
Event: 7.026 GC heap after
{Heap after GC invocations=8 (full 0):
 garbage-first heap   total 81920K, used 16931K [0x0000000081c00000, 0x0000000100000000)
  region size 1024K, 2 young (2048K), 2 survivors (2048K)
 Metaspace       used 30672K, committed 31168K, reserved 1114112K
  class space    used 3745K, committed 3968K, reserved 1048576K
}
Event: 8.105 GC heap before
{Heap before GC invocations=8 (full 0):
 garbage-first heap   total 81920K, used 32291K [0x0000000081c00000, 0x0000000100000000)
  region size 1024K, 19 young (19456K), 2 survivors (2048K)
 Metaspace       used 35482K, committed 35968K, reserved 1114112K
  class space    used 4370K, committed 4608K, reserved 1048576K
}
Event: 8.110 GC heap after
{Heap after GC invocations=9 (full 0):
 garbage-first heap   total 81920K, used 18033K [0x0000000081c00000, 0x0000000100000000)
  region size 1024K, 3 young (3072K), 3 survivors (3072K)
 Metaspace       used 35482K, committed 35968K, reserved 1114112K
  class space    used 4370K, committed 4608K, reserved 1048576K
}
Event: 10.185 GC heap before
{Heap before GC invocations=10 (full 0):
 garbage-first heap   total 65536K, used 53873K [0x0000000081c00000, 0x0000000100000000)
  region size 1024K, 38 young (38912K), 3 survivors (3072K)
 Metaspace       used 46603K, committed 47104K, reserved 1114112K
  class space    used 6082K, committed 6336K, reserved 1048576K
}
Event: 10.192 GC heap after
{Heap after GC invocations=11 (full 0):
 garbage-first heap   total 65536K, used 20126K [0x0000000081c00000, 0x0000000100000000)
  region size 1024K, 4 young (4096K), 4 survivors (4096K)
 Metaspace       used 46603K, committed 47104K, reserved 1114112K
  class space    used 6082K, committed 6336K, reserved 1048576K
}
Event: 10.241 GC heap before
{Heap before GC invocations=11 (full 0):
 garbage-first heap   total 65536K, used 21150K [0x0000000081c00000, 0x0000000100000000)
  region size 1024K, 5 young (5120K), 4 survivors (4096K)
 Metaspace       used 46779K, committed 47232K, reserved 1114112K
  class space    used 6110K, committed 6336K, reserved 1048576K
}
Event: 10.246 GC heap after
{Heap after GC invocations=12 (full 0):
 garbage-first heap   total 65536K, used 19809K [0x0000000081c00000, 0x0000000100000000)
  region size 1024K, 1 young (1024K), 1 survivors (1024K)
 Metaspace       used 46779K, committed 47232K, reserved 1114112K
  class space    used 6110K, committed 6336K, reserved 1048576K
}

Dll operation events (14 events):
Event: 0.039 Loaded shared library C:\Program Files\Java\jdk-19\bin\java.dll
Event: 0.072 Loaded shared library C:\Program Files\Java\jdk-19\bin\jsvml.dll
Event: 0.247 Loaded shared library C:\Program Files\Java\jdk-19\bin\zip.dll
Event: 0.252 Loaded shared library C:\Program Files\Java\jdk-19\bin\instrument.dll
Event: 0.260 Loaded shared library C:\Program Files\Java\jdk-19\bin\net.dll
Event: 0.262 Loaded shared library C:\Program Files\Java\jdk-19\bin\nio.dll
Event: 0.267 Loaded shared library C:\Program Files\Java\jdk-19\bin\zip.dll
Event: 0.413 Loaded shared library C:\Program Files\JetBrains\IntelliJ IDEA Community Edition 2023.2\bin\breakgen64.dll
Event: 0.441 Loaded shared library C:\Program Files\Java\jdk-19\bin\extnet.dll
Event: 0.501 Loaded shared library C:\Program Files\Java\jdk-19\bin\jimage.dll
Event: 5.868 Loaded shared library C:\Program Files\Java\jdk-19\bin\sunmscapi.dll
Event: 5.881 Loaded shared library C:\Program Files\Java\jdk-19\bin\management.dll
Event: 5.884 Loaded shared library C:\Program Files\Java\jdk-19\bin\management_ext.dll
Event: 7.936 Loaded shared library C:\Program Files\Java\jdk-19\bin\verify.dll

Deoptimization events (20 events):
Event: 11.254 Thread 0x000001a5c09560b0 Uncommon trap: trap_request=0xffffffde fr.pc=0x000001a5d1cbf4e8 relative=0x0000000000000568
Event: 11.254 Thread 0x000001a5c09560b0 Uncommon trap: reason=class_check action=maybe_recompile pc=0x000001a5d1cbf4e8 method=org.springframework.util.ConcurrentReferenceHashMap$Segment.findInChain(Lorg/springframework/util/ConcurrentReferenceHashMap$Reference;Ljava/lang/Object;I)Lorg/springfra
Event: 11.254 Thread 0x000001a5c09560b0 DEOPT PACKING pc=0x000001a5d1cbf4e8 sp=0x0000002c4f7fcc80
Event: 11.254 Thread 0x000001a5c09560b0 DEOPT UNPACKING pc=0x000001a5d1616da3 sp=0x0000002c4f7fca60 mode 2
Event: 11.257 Thread 0x000001a5c09560b0 Uncommon trap: trap_request=0xffffffde fr.pc=0x000001a5d1cbf4e8 relative=0x0000000000000568
Event: 11.257 Thread 0x000001a5c09560b0 Uncommon trap: reason=class_check action=maybe_recompile pc=0x000001a5d1cbf4e8 method=org.springframework.util.ConcurrentReferenceHashMap$Segment.findInChain(Lorg/springframework/util/ConcurrentReferenceHashMap$Reference;Ljava/lang/Object;I)Lorg/springfra
Event: 11.257 Thread 0x000001a5c09560b0 DEOPT PACKING pc=0x000001a5d1cbf4e8 sp=0x0000002c4f7fcc80
Event: 11.257 Thread 0x000001a5c09560b0 DEOPT UNPACKING pc=0x000001a5d1616da3 sp=0x0000002c4f7fca60 mode 2
Event: 11.257 Thread 0x000001a5c09560b0 Uncommon trap: trap_request=0xffffffde fr.pc=0x000001a5d1cbf4e8 relative=0x0000000000000568
Event: 11.257 Thread 0x000001a5c09560b0 Uncommon trap: reason=class_check action=maybe_recompile pc=0x000001a5d1cbf4e8 method=org.springframework.util.ConcurrentReferenceHashMap$Segment.findInChain(Lorg/springframework/util/ConcurrentReferenceHashMap$Reference;Ljava/lang/Object;I)Lorg/springfra
Event: 11.257 Thread 0x000001a5c09560b0 DEOPT PACKING pc=0x000001a5d1cbf4e8 sp=0x0000002c4f7fcc80
Event: 11.257 Thread 0x000001a5c09560b0 DEOPT UNPACKING pc=0x000001a5d1616da3 sp=0x0000002c4f7fca60 mode 2
Event: 11.258 Thread 0x000001a5c09560b0 Uncommon trap: trap_request=0xffffffde fr.pc=0x000001a5d1cd58dc relative=0x000000000000047c
Event: 11.258 Thread 0x000001a5c09560b0 Uncommon trap: reason=class_check action=maybe_recompile pc=0x000001a5d1cd58dc method=org.springframework.util.ConcurrentReferenceHashMap$Segment.findInChain(Lorg/springframework/util/ConcurrentReferenceHashMap$Reference;Ljava/lang/Object;I)Lorg/springfra
Event: 11.258 Thread 0x000001a5c09560b0 DEOPT PACKING pc=0x000001a5d1cd58dc sp=0x0000002c4f7fcc20
Event: 11.258 Thread 0x000001a5c09560b0 DEOPT UNPACKING pc=0x000001a5d1616da3 sp=0x0000002c4f7fca58 mode 2
Event: 11.258 Thread 0x000001a5c09560b0 Uncommon trap: trap_request=0xffffffde fr.pc=0x000001a5d1cd4f4c relative=0x000000000000020c
Event: 11.258 Thread 0x000001a5c09560b0 Uncommon trap: reason=class_check action=maybe_recompile pc=0x000001a5d1cd4f4c method=org.springframework.util.ConcurrentReferenceHashMap$Segment.findInChain(Lorg/springframework/util/ConcurrentReferenceHashMap$Reference;Ljava/lang/Object;I)Lorg/springfra
Event: 11.258 Thread 0x000001a5c09560b0 DEOPT PACKING pc=0x000001a5d1cd4f4c sp=0x0000002c4f7fcaa0
Event: 11.258 Thread 0x000001a5c09560b0 DEOPT UNPACKING pc=0x000001a5d1616da3 sp=0x0000002c4f7fca48 mode 2

Classes loaded (20 events):
Event: 10.180 Loading class java/lang/reflect/AnnotatedArrayType
Event: 10.180 Loading class java/lang/reflect/AnnotatedArrayType done
Event: 10.267 Loading class java/lang/foreign/ValueLayout
Event: 10.268 Loading class java/lang/foreign/MemoryLayout
Event: 10.269 Loading class java/lang/foreign/MemoryLayout done
Event: 10.269 Loading class java/lang/foreign/AbstractLayout
Event: 10.269 Loading class java/lang/foreign/AbstractLayout done
Event: 10.269 Loading class java/lang/foreign/ValueLayout done
Event: 10.775 Loading class javax/naming/Reference
Event: 10.776 Loading class javax/naming/Reference done
Event: 10.816 Loading class java/lang/SafeVarargs
Event: 10.816 Loading class java/lang/SafeVarargs done
Event: 10.820 Loading class sun/reflect/generics/reflectiveObjects/GenericArrayTypeImpl
Event: 10.820 Loading class sun/reflect/generics/reflectiveObjects/GenericArrayTypeImpl done
Event: 10.863 Loading class java/util/concurrent/ConcurrentHashMap$TreeNode
Event: 10.864 Loading class java/util/concurrent/ConcurrentHashMap$TreeNode done
Event: 10.864 Loading class java/util/concurrent/ConcurrentHashMap$TreeBin
Event: 10.864 Loading class java/util/concurrent/ConcurrentHashMap$TreeBin done
Event: 11.318 Loading class java/lang/Package$1PackageInfoProxy
Event: 11.318 Loading class java/lang/Package$1PackageInfoProxy done

Classes unloaded (0 events):
No events

Classes redefined (0 events):
No events

Internal exceptions (20 events):
Event: 9.325 Thread 0x000001a5c09560b0 Exception <a 'java/lang/IncompatibleClassChangeError'{0x00000000844d9910}: Found class java.lang.Object, but interface was expected> (0x00000000844d9910) 
thrown [s\open\src\hotspot\share\interpreter\linkResolver.cpp, line 841]
Event: 9.391 Thread 0x000001a5c09560b0 Exception <a 'java/lang/NoSuchMethodError'{0x0000000084391888}: 'java.lang.Object java.lang.invoke.DirectMethodHandle$Holder.invokeStatic(java.lang.Object, java.lang.Object, int, java.lang.Object)'> (0x0000000084391888) 
thrown [s\open\src\hotspot\share\interpreter\linkResolver.cpp, line 774]
Event: 9.391 Thread 0x000001a5c09560b0 Exception <a 'java/lang/NoSuchMethodError'{0x0000000084395328}: 'java.lang.Object java.lang.invoke.DirectMethodHandle$Holder.invokeStaticInit(java.lang.Object, java.lang.Object, int, java.lang.Object)'> (0x0000000084395328) 
thrown [s\open\src\hotspot\share\interpreter\linkResolver.cpp, line 774]
Event: 10.411 Thread 0x000001a5c09560b0 Exception <a 'java/lang/NoSuchMethodError'{0x00000000858de5c0}: 'int java.lang.invoke.Invokers$Holder.invokeExact_MT(java.lang.Object, java.lang.Object, java.lang.Object)'> (0x00000000858de5c0) 
thrown [s\open\src\hotspot\share\interpreter\linkResolver.cpp, line 774]
Event: 10.446 Thread 0x000001a5c09560b0 Exception <a 'java/lang/NoSuchMethodError'{0x000000008576c6d0}: 'void java.lang.invoke.DirectMethodHandle$Holder.invokeInterface(java.lang.Object, java.lang.Object, int, java.lang.Object)'> (0x000000008576c6d0) 
thrown [s\open\src\hotspot\share\interpreter\linkResolver.cpp, line 774]
Event: 10.453 Thread 0x000001a5c09560b0 Exception <a 'java/lang/NoSuchMethodError'{0x0000000085791310}: 'java.lang.Object java.lang.invoke.DirectMethodHandle$Holder.newInvokeSpecial(java.lang.Object, java.lang.Object, int, java.lang.Object)'> (0x0000000085791310) 
thrown [s\open\src\hotspot\share\interpreter\linkResolver.cpp, line 774]
Event: 10.453 Thread 0x000001a5c09560b0 Exception <a 'java/lang/NoSuchMethodError'{0x0000000085794ef8}: 'java.lang.Object java.lang.invoke.Invokers$Holder.linkToTargetMethod(java.lang.Object, int, java.lang.Object, java.lang.Object)'> (0x0000000085794ef8) 
thrown [s\open\src\hotspot\share\interpreter\linkResolver.cpp, line 774]
Event: 10.551 Thread 0x000001a5c09560b0 Exception <a 'java/lang/NoSuchMethodError'{0x0000000085548208}: 'int java.lang.invoke.DirectMethodHandle$Holder.invokeStatic(java.lang.Object, int, java.lang.Object)'> (0x0000000085548208) 
thrown [s\open\src\hotspot\share\interpreter\linkResolver.cpp, line 774]
Event: 10.555 Thread 0x000001a5c09560b0 Exception <a 'java/lang/NoSuchMethodError'{0x0000000085563f10}: 'java.lang.Object java.lang.invoke.DirectMethodHandle$Holder.newInvokeSpecial(java.lang.Object, java.lang.Object, java.lang.Object, java.lang.Object, java.lang.Object, int)'> (0x0000000085563f10) 
thrown [s\open\src\hotspot\share\interpreter\linkResolver.cpp, line 774]
Event: 10.556 Thread 0x000001a5c09560b0 Exception <a 'java/lang/NoSuchMethodError'{0x0000000085567ff0}: 'java.lang.Object java.lang.invoke.Invokers$Holder.linkToTargetMethod(java.lang.Object, java.lang.Object, java.lang.Object, java.lang.Object, int, java.lang.Object)'> (0x0000000085567ff0) 
thrown [s\open\src\hotspot\share\interpreter\linkResolver.cpp, line 774]
Event: 10.622 Thread 0x000001a5c09560b0 Exception <a 'java/lang/NoSuchMethodError'{0x00000000854def10}: 'java.lang.Object java.lang.invoke.DirectMethodHandle$Holder.newInvokeSpecial(java.lang.Object, java.lang.Object, java.lang.Object, java.lang.Object, java.lang.Object, java.lang.Object)'> (0x00000000854def10) 
thrown [s\open\src\hotspot\share\interpreter\linkResolver.cpp, line 774]
Event: 10.641 Thread 0x000001a5c09560b0 Exception <a 'java/lang/NoSuchMethodError'{0x00000000853459b8}: 'java.lang.Object java.lang.invoke.DirectMethodHandle$Holder.newInvokeSpecial(java.lang.Object, java.lang.Object, java.lang.Object, java.lang.Object, java.lang.Object, java.lang.Object, java.lang.Object, int)'> (0x00000000853459b8) 
thrown [s\open\src\hotspot\share\interpreter\linkResolver.cpp, line 774]
Event: 10.642 Thread 0x000001a5c09560b0 Exception <a 'java/lang/NoSuchMethodError'{0x000000008534a9c8}: 'java.lang.Object java.lang.invoke.DirectMethodHandle$Holder.invokeSpecial(java.lang.Object, java.lang.Object, java.lang.Object, java.lang.Object, java.lang.Object, java.lang.Object, java.lang.Object, java.lang.Object, int)'> (0x000000008534a9c8) 
thrown [s\open\src\hotspot\share\interpreter\linkResolver.cpp, line 774]
Event: 10.693 Thread 0x000001a5c09560b0 Exception <a 'java/lang/NoSuchMethodError'{0x000000008522aab8}: 'void java.lang.invoke.DirectMethodHandle$Holder.invokeInterface(java.lang.Object, java.lang.Object)'> (0x000000008522aab8) 
thrown [s\open\src\hotspot\share\interpreter\linkResolver.cpp, line 774]
Event: 10.782 Thread 0x000001a5c09560b0 Exception <a 'java/lang/NoSuchMethodError'{0x0000000085073ee8}: 'void java.lang.invoke.Invokers$Holder.invokeExact_MT(java.lang.Object, java.lang.Object, java.lang.Object, java.lang.Object)'> (0x0000000085073ee8) 
thrown [s\open\src\hotspot\share\interpreter\linkResolver.cpp, line 774]
Event: 10.865 Thread 0x000001a5c09560b0 Exception <a 'java/lang/IncompatibleClassChangeError'{0x0000000084dde638}: Found class java.lang.Object, but interface was expected> (0x0000000084dde638) 
thrown [s\open\src\hotspot\share\interpreter\linkResolver.cpp, line 841]
Event: 10.874 Thread 0x000001a5c09560b0 Implicit null exception at 0x000001a5d1dcdcc0 to 0x000001a5d1dcf644
Event: 10.885 Thread 0x000001a5c09560b0 Exception <a 'java/lang/IncompatibleClassChangeError'{0x0000000084c53830}: Found class java.lang.Object, but interface was expected> (0x0000000084c53830) 
thrown [s\open\src\hotspot\share\interpreter\linkResolver.cpp, line 841]
Event: 10.941 Thread 0x000001a5c09560b0 Exception <a 'java/lang/IncompatibleClassChangeError'{0x0000000084bbb8f0}: Found class java.lang.Object, but interface was expected> (0x0000000084bbb8f0) 
thrown [s\open\src\hotspot\share\interpreter\linkResolver.cpp, line 841]
Event: 11.311 Thread 0x000001a5c09560b0 Exception <a 'java/lang/IncompatibleClassChangeError'{0x00000000845bf278}: Found class java.lang.Object, but interface was expected> (0x00000000845bf278) 
thrown [s\open\src\hotspot\share\interpreter\linkResolver.cpp, line 841]

VM Operations (20 events):
Event: 7.348 Executing VM operation: HandshakeAllThreads
Event: 7.348 Executing VM operation: HandshakeAllThreads done
Event: 8.104 Executing VM operation: CollectForMetadataAllocation
Event: 8.110 Executing VM operation: CollectForMetadataAllocation done
Event: 8.163 Executing VM operation: G1PauseRemark
Event: 8.167 Executing VM operation: G1PauseRemark done
Event: 8.185 Executing VM operation: G1PauseCleanup
Event: 8.186 Executing VM operation: G1PauseCleanup done
Event: 9.189 Executing VM operation: Cleanup
Event: 9.189 Executing VM operation: Cleanup done
Event: 9.918 Executing VM operation: HandshakeAllThreads
Event: 9.918 Executing VM operation: HandshakeAllThreads done
Event: 10.185 Executing VM operation: G1CollectForAllocation
Event: 10.192 Executing VM operation: G1CollectForAllocation done
Event: 10.241 Executing VM operation: G1CollectForAllocation
Event: 10.246 Executing VM operation: G1CollectForAllocation done
Event: 11.245 Executing VM operation: HandshakeAllThreads
Event: 11.245 Executing VM operation: HandshakeAllThreads done
Event: 11.327 Executing VM operation: ICBufferFull
Event: 11.327 Executing VM operation: ICBufferFull done

Events (20 events):
Event: 0.098 Thread 0x000001a5e07fb430 Thread added: 0x000001a5e07fb430
Event: 0.098 Thread 0x000001a5e0800620 Thread added: 0x000001a5e0800620
Event: 0.214 Thread 0x000001a5e07bc960 Thread added: 0x000001a5e07bc960
Event: 0.312 Thread 0x000001a5e4e37520 Thread added: 0x000001a5e4e37520
Event: 0.414 Thread 0x000001a5e4f89ac0 Thread added: 0x000001a5e4f89ac0
Event: 0.415 Thread 0x000001a5e50ae190 Thread added: 0x000001a5e50ae190
Event: 1.729 Thread 0x000001a5e587c630 Thread added: 0x000001a5e587c630
Event: 2.407 Thread 0x000001a5e587c630 Thread exited: 0x000001a5e587c630
Event: 2.438 Thread 0x000001a5e5addbc0 Thread added: 0x000001a5e5addbc0
Event: 2.510 Thread 0x000001a5e5addbc0 Thread exited: 0x000001a5e5addbc0
Event: 6.128 Thread 0x000001a5e63d9de0 Thread added: 0x000001a5e63d9de0
Event: 6.132 Thread 0x000001a5e5d860a0 Thread added: 0x000001a5e5d860a0
Event: 6.140 Thread 0x000001a5e640c8d0 Thread added: 0x000001a5e640c8d0
Event: 6.602 Thread 0x000001a5e4e37520 Thread exited: 0x000001a5e4e37520
Event: 6.804 Thread 0x000001a5e5c06070 Thread added: 0x000001a5e5c06070
Event: 6.950 Thread 0x000001a5e738c160 Thread added: 0x000001a5e738c160
Event: 6.988 Thread 0x000001a5e6a99080 Thread added: 0x000001a5e6a99080
Event: 7.106 Thread 0x000001a5e63671c0 Thread added: 0x000001a5e63671c0
Event: 8.399 Thread 0x000001a5e5c06070 Thread exited: 0x000001a5e5c06070
Event: 10.869 Thread 0x000001a5e5c06600 Thread added: 0x000001a5e5c06600


Dynamic libraries:
0x00007ff6b1770000 - 0x00007ff6b1780000 	C:\Program Files\Java\jdk-19\bin\java.exe
0x00007ffe7c130000 - 0x00007ffe7c328000 	C:\Windows\SYSTEM32\ntdll.dll
0x00007ffe7a200000 - 0x00007ffe7a2bf000 	C:\Windows\System32\KERNEL32.DLL
0x00007ffe79810000 - 0x00007ffe79b06000 	C:\Windows\System32\KERNELBASE.dll
0x00007ffe79b40000 - 0x00007ffe79c40000 	C:\Windows\System32\ucrtbase.dll
0x00007ffe65b40000 - 0x00007ffe65b58000 	C:\Program Files\Java\jdk-19\bin\jli.dll
0x00007ffe7b880000 - 0x00007ffe7b92f000 	C:\Windows\System32\ADVAPI32.dll
0x00007ffe7b7e0000 - 0x00007ffe7b87e000 	C:\Windows\System32\msvcrt.dll
0x00007ffe7bd20000 - 0x00007ffe7bdbc000 	C:\Windows\System32\sechost.dll
0x00007ffe7bbf0000 - 0x00007ffe7bd16000 	C:\Windows\System32\RPCRT4.dll
0x00007ffe7b9c0000 - 0x00007ffe7bb5d000 	C:\Windows\System32\USER32.dll
0x00007ffe79b10000 - 0x00007ffe79b32000 	C:\Windows\System32\win32u.dll
0x00007ffe7b340000 - 0x00007ffe7b36c000 	C:\Windows\System32\GDI32.dll
0x00007ffe79f00000 - 0x00007ffe7a015000 	C:\Windows\System32\gdi32full.dll
0x00007ffe79e60000 - 0x00007ffe79efd000 	C:\Windows\System32\msvcp_win.dll
0x00007ffe6fb80000 - 0x00007ffe6fb9b000 	C:\Program Files\Java\jdk-19\bin\VCRUNTIME140.dll
0x00007ffe61ae0000 - 0x00007ffe61d7a000 	C:\Windows\WinSxS\amd64_microsoft.windows.common-controls_6595b64144ccf1df_6.0.19041.1110_none_60b5254171f9507e\COMCTL32.dll
0x00007ffe6f080000 - 0x00007ffe6f08a000 	C:\Windows\SYSTEM32\VERSION.dll
0x00007ffe7b930000 - 0x00007ffe7b960000 	C:\Windows\System32\IMM32.DLL
0x00007ffe72a80000 - 0x00007ffe72a8c000 	C:\Program Files\Java\jdk-19\bin\vcruntime140_1.dll
0x00007ffe61550000 - 0x00007ffe615de000 	C:\Program Files\Java\jdk-19\bin\msvcp140.dll
0x00007ffdfd6e0000 - 0x00007ffdfe3a0000 	C:\Program Files\Java\jdk-19\bin\server\jvm.dll
0x00007ffe6fb60000 - 0x00007ffe6fb69000 	C:\Windows\SYSTEM32\WSOCK32.dll
0x00007ffe7bfc0000 - 0x00007ffe7c02b000 	C:\Windows\System32\WS2_32.dll
0x00007ffe48140000 - 0x00007ffe48167000 	C:\Windows\SYSTEM32\WINMM.dll
0x00007ffe78050000 - 0x00007ffe78062000 	C:\Windows\SYSTEM32\kernel.appcore.dll
0x00007ffe718b0000 - 0x00007ffe718ba000 	C:\Program Files\Java\jdk-19\bin\jimage.dll
0x00007ffe74570000 - 0x00007ffe74754000 	C:\Windows\SYSTEM32\DBGHELP.DLL
0x00007ffe5bf20000 - 0x00007ffe5bf54000 	C:\Windows\SYSTEM32\dbgcore.DLL
0x00007ffe7a050000 - 0x00007ffe7a0d2000 	C:\Windows\System32\bcryptPrimitives.dll
0x00007ffe6fc10000 - 0x00007ffe6fc1e000 	C:\Program Files\Java\jdk-19\bin\instrument.dll
0x00007ffe617a0000 - 0x00007ffe617c6000 	C:\Program Files\Java\jdk-19\bin\java.dll
0x00007ffe25e80000 - 0x00007ffe25f57000 	C:\Program Files\Java\jdk-19\bin\jsvml.dll
0x00007ffe7abf0000 - 0x00007ffe7b334000 	C:\Windows\System32\SHELL32.dll
0x00007ffe74760000 - 0x00007ffe74ef3000 	C:\Windows\SYSTEM32\windows.storage.dll
0x00007ffe7a7f0000 - 0x00007ffe7ab44000 	C:\Windows\System32\combase.dll
0x00007ffe79180000 - 0x00007ffe791ae000 	C:\Windows\SYSTEM32\Wldp.dll
0x00007ffe7a2c0000 - 0x00007ffe7a36d000 	C:\Windows\System32\SHCORE.dll
0x00007ffe7b960000 - 0x00007ffe7b9b5000 	C:\Windows\System32\shlwapi.dll
0x00007ffe79750000 - 0x00007ffe7976f000 	C:\Windows\SYSTEM32\profapi.dll
0x00007ffe22560000 - 0x00007ffe22578000 	C:\Program Files\Java\jdk-19\bin\zip.dll
0x00007ffe61530000 - 0x00007ffe61543000 	C:\Program Files\Java\jdk-19\bin\net.dll
0x00007ffe67860000 - 0x00007ffe6796a000 	C:\Windows\SYSTEM32\WINHTTP.dll
0x00007ffe78ee0000 - 0x00007ffe78f4a000 	C:\Windows\system32\mswsock.dll
0x00007ffe2ead0000 - 0x00007ffe2eae6000 	C:\Program Files\Java\jdk-19\bin\nio.dll
0x00007ffe70430000 - 0x00007ffe7044a000 	C:\Program Files\JetBrains\IntelliJ IDEA Community Edition 2023.2\bin\breakgen64.dll
0x00007ffe71860000 - 0x00007ffe71868000 	C:\Program Files\Java\jdk-19\bin\extnet.dll
0x00007ffe790e0000 - 0x00007ffe790f8000 	C:\Windows\SYSTEM32\CRYPTSP.dll
0x00007ffe78800000 - 0x00007ffe78834000 	C:\Windows\system32\rsaenh.dll
0x00007ffe7a020000 - 0x00007ffe7a047000 	C:\Windows\System32\bcrypt.dll
0x00007ffe79710000 - 0x00007ffe7973e000 	C:\Windows\SYSTEM32\USERENV.dll
0x00007ffe790d0000 - 0x00007ffe790dc000 	C:\Windows\SYSTEM32\CRYPTBASE.dll
0x00007ffe78bd0000 - 0x00007ffe78c0c000 	C:\Windows\SYSTEM32\IPHLPAPI.DLL
0x00007ffe7a190000 - 0x00007ffe7a198000 	C:\Windows\System32\NSI.dll
0x00007ffe6b290000 - 0x00007ffe6b2a7000 	C:\Windows\SYSTEM32\dhcpcsvc6.DLL
0x00007ffe6c110000 - 0x00007ffe6c12d000 	C:\Windows\SYSTEM32\dhcpcsvc.DLL
0x00007ffe78c10000 - 0x00007ffe78cda000 	C:\Windows\SYSTEM32\DNSAPI.dll
0x00007ffe6fb70000 - 0x00007ffe6fb7e000 	C:\Program Files\Java\jdk-19\bin\sunmscapi.dll
0x00007ffe79c90000 - 0x00007ffe79dee000 	C:\Windows\System32\CRYPT32.dll
0x00007ffe791f0000 - 0x00007ffe79218000 	C:\Windows\SYSTEM32\ncrypt.dll
0x00007ffe791b0000 - 0x00007ffe791eb000 	C:\Windows\SYSTEM32\NTASN1.dll
0x00007ffe6ed60000 - 0x00007ffe6ed6a000 	C:\Program Files\Java\jdk-19\bin\management.dll
0x00007ffe65b30000 - 0x00007ffe65b3b000 	C:\Program Files\Java\jdk-19\bin\management_ext.dll
0x00007ffe7a7e0000 - 0x00007ffe7a7e8000 	C:\Windows\System32\PSAPI.DLL
0x00007ffe67110000 - 0x00007ffe6711a000 	C:\Windows\System32\rasadhlp.dll
0x00007ffe67170000 - 0x00007ffe671f2000 	C:\Windows\System32\fwpuclnt.dll
0x00007ffe71800000 - 0x00007ffe71810000 	C:\Program Files\Java\jdk-19\bin\verify.dll

dbghelp: loaded successfully - version: 4.0.5 - missing functions: none
symbol engine: initialized successfully - sym options: 0x614 - pdb path: .;C:\Program Files\Java\jdk-19\bin;C:\Windows\SYSTEM32;C:\Windows\WinSxS\amd64_microsoft.windows.common-controls_6595b64144ccf1df_6.0.19041.1110_none_60b5254171f9507e;C:\Program Files\Java\jdk-19\bin\server;C:\Program Files\JetBrains\IntelliJ IDEA Community Edition 2023.2\bin

VM Arguments:
jvm_args: -javaagent:C:\Program Files\JetBrains\IntelliJ IDEA Community Edition 2023.2\lib\idea_rt.jar=56674:C:\Program Files\JetBrains\IntelliJ IDEA Community Edition 2023.2\bin -Dfile.encoding=UTF-8 -Dsun.stdout.encoding=UTF-8 -Dsun.stderr.encoding=UTF-8 
java_command: com.krr.ProductManagementWebUsingSpringBoot.ProductManagementWebAppApplication
java_class_path (initial): C:\Users\A\Downloads\ProductManagementWebUsingSpringBoot\target\classes;C:\Users\A\.m2\repository\org\springframework\boot\spring-boot-starter-data-jpa\3.1.2\spring-boot-starter-data-jpa-3.1.2.jar;C:\Users\A\.m2\repository\org\springframework\boot\spring-boot-starter-aop\3.1.2\spring-boot-starter-aop-3.1.2.jar;C:\Users\A\.m2\repository\org\springframework\spring-aop\6.0.11\spring-aop-6.0.11.jar;C:\Users\A\.m2\repository\org\aspectj\aspectjweaver\1.9.19\aspectjweaver-1.9.19.jar;C:\Users\A\.m2\repository\org\springframework\boot\spring-boot-starter-jdbc\3.1.2\spring-boot-starter-jdbc-3.1.2.jar;C:\Users\A\.m2\repository\com\zaxxer\HikariCP\5.0.1\HikariCP-5.0.1.jar;C:\Users\A\.m2\repository\org\springframework\spring-jdbc\6.0.11\spring-jdbc-6.0.11.jar;C:\Users\A\.m2\repository\org\hibernate\orm\hibernate-core\6.2.6.Final\hibernate-core-6.2.6.Final.jar;C:\Users\A\.m2\repository\jakarta\persistence\jakarta.persistence-api\3.1.0\jakarta.persistence-api-3.1.0.jar;C:\Users\A\.m2\repository\jakarta\transaction\jakarta.transaction-api\2.0.1\jakarta.transaction-api-2.0.1.jar;C:\Users\A\.m2\repository\org\jboss\logging\jboss-logging\3.5.3.Final\jboss-logging-3.5.3.Final.jar;C:\Users\A\.m2\repository\org\hibernate\common\hibernate-commons-annotations\6.0.6.Final\hibernate-commons-annotations-6.0.6.Final.jar;C:\Users\A\.m2\repository\io\smallrye\jandex\3.0.5\jandex-3.0.5.jar;C:\Users\A\.m2\repository\com\fasterxml\classmate\1.5.1\classmate-1.5.1.jar;C:\Users\A\.m2\repository\net\bytebuddy\byte-buddy\1.14.5\byte-buddy-1.14.5.jar;C:\Users\A\.m2\repository\org\glassfish\jaxb\jaxb-runtime\4.0.3\jaxb-runtime-4.0.3.jar;C:\Users\A\.m2\repository\org\glassfish\jaxb\jaxb-core\4.0.3\jaxb-core-4.0.3.jar;C:\Users\A\.m2\repository\org\eclipse\angus\angus-activation\2.0.1\angus-activation-2.0.1.jar;C:\Users\A\.m2\repository\org\glassfish\jaxb\txw2\4.0.3\txw2-4.0.3.jar;C:\Users\A\.m2\repository\com\sun\istack\istack-commons-runtime\4.1.2\istack-commons-runtime-4.1.2.jar;C:\Users\A\.m2\repository\jakarta\inject\jakarta.inject-api\2.0.1\jakarta.inject-api-2.0.1.jar;C:\Users\A\.m2\repository\org\antlr\antlr4-runtime\4.10.1\antlr4-runtime-4.10.1.jar;C:\Users\A\.m2\repository\org\springframework\data\spring-data-jpa\3.1.2\spring-data-jpa-3.1.2.jar;C:\Users\A\.m2\repository\org\springframework\data\spring-data-commons\3.1.2\spring-data-commons-3.1.2.jar;C:\Users\A\.m2\repository\org\springframework\spring-orm\6.0.11\spring-orm-6.0.11.jar;C:\Users\A\.m2\repository\org\springframework\spring-context\6.0.11\spring-context-6.0.11.jar;C:\Users\A\.m2\repository\org\springframework\spring-tx\6.0.11\spring-tx-6.0.11.jar;C:\Users\A\.m2\repository\org\springframework\spring-beans\6.0.11\spring-beans-6.0.11.jar;C:\Users\A\.m2\repository\jakarta\annotation\jakarta.annotation-api\2.1.1\jakarta.annotation-api-2.1.1.jar;C:\Users\A\.m2\repository\org\slf4j\slf4j-api\2.0.7\slf4j-api-2.0.7.jar;C:\Users\A\.m2\repository\org\springframework\spring-aspects\6.0.11\spring-aspects-6.0.11.jar;C:\Users\A\.m2\repository\org\springframework\boot\spring-boot-starter-web\3.1.2\spring-boot-starter-web-3.1.2.jar;C:\Users\A\.m2\repository\org\springframework\boot\spring-boot-starter\3.1.2\spring-boot-starter-3.1.2.jar;C:\Users\A\.m2\repository\org\springframework\boot\spring-boot\3.1.2\spring-boot-3.1.2.jar;C:\Users\A\.m2\repository\org\springframework\boot\spring-boot-autoconfigure\3.1.2\spring-boot-autoconfigure-3.1.2.jar;C:\Users\A\.m2\repository\org\springframework\boot\spring-boot-starter-logging\3.1.2\spring-boot-starter-logging-3.1.2.jar;C:\Users\A\.m2\repository\ch\qos\logback\logback-classic\1.4.8\logback-classic-1.4.8.jar;C:\Users\A\.m2\repository\ch\qos\logback\logback-core\1.4.8\logback-core-1.4.8.jar;C:\Users\A\.m2\repository\org\apache\logging\log4j\log4j-to-slf4j\2.20.0\log4j-to-slf4j-2.20.0.jar;C:\Users\A\.m2\repository\org\apache\logging\log4j\log4j-api\2.20.0\log4j-api-2.20.0.jar;C:\Users\A\.m2\repository\org\slf4j\jul-to-slf4j\2.0.7\jul-to-slf4j-2.0.7.jar;C:\Users\A\.m2\repository\org\yaml\snakeyaml\1.33\snakeyaml-1.33.jar;C:\Users\A\.m2\repository\org\springframework\boot\spring-boot-starter-json\3.1.2\spring-boot-starter-json-3.1.2.jar;C:\Users\A\.m2\repository\com\fasterxml\jackson\core\jackson-databind\2.15.2\jackson-databind-2.15.2.jar;C:\Users\A\.m2\repository\com\fasterxml\jackson\core\jackson-annotations\2.15.2\jackson-annotations-2.15.2.jar;C:\Users\A\.m2\repository\com\fasterxml\jackson\core\jackson-core\2.15.2\jackson-core-2.15.2.jar;C:\Users\A\.m2\repository\com\fasterxml\jackson\datatype\jackson-datatype-jdk8\2.15.2\jackson-datatype-jdk8-2.15.2.jar;C:\Users\A\.m2\repository\com\fasterxml\jackson\datatype\jackson-datatype-jsr310\2.15.2\jackson-datatype-jsr310-2.15.2.jar;C:\Users\A\.m2\repository\com\fasterxml\jackson\module\jackson-module-parameter-names\2.15.2\jackson-module-parameter-names-2.15.2.jar;C:\Users\A\.m2\repository\org\springframework\boot\spring-boot-starter-tomcat\3.1.2\spring-boot-starter-tomcat-3.1.2.jar;C:\Users\A\.m2\repository\org\apache\tomcat\embed\tomcat-embed-core\10.1.11\tomcat-embed-core-10.1.11.jar;C:\Users\A\.m2\repository\org\apache\tomcat\embed\tomcat-embed-el\10.1.11\tomcat-embed-el-10.1.11.jar;C:\Users\A\.m2\repository\org\apache\tomcat\embed\tomcat-embed-websocket\10.1.11\tomcat-embed-websocket-10.1.11.jar;C:\Users\A\.m2\repository\org\springframework\spring-web\6.0.11\spring-web-6.0.11.jar;C:\Users\A\.m2\repository\io\micrometer\micrometer-observation\1.11.2\micrometer-observation-1.11.2.jar;C:\Users\A\.m2\repository\io\micrometer\micrometer-commons\1.11.2\micrometer-commons-1.11.2.jar;C:\Users\A\.m2\repository\org\springframework\spring-webmvc\6.0.11\spring-webmvc-6.0.11.jar;C:\Users\A\.m2\repository\org\springframework\spring-expression\6.0.11\spring-expression-6.0.11.jar;C:\Users\A\.m2\repository\org\postgresql\postgresql\42.6.0\postgresql-42.6.0.jar;C:\Users\A\.m2\repository\org\checkerframework\checker-qual\3.31.0\checker-qual-3.31.0.jar;C:\Users\A\.m2\repository\org\projectlombok\lombok\1.18.28\lombok-1.18.28.jar;C:\Users\A\.m2\repository\jakarta\xml\bind\jakarta.xml.bind-api\4.0.0\jakarta.xml.bind-api-4.0.0.jar;C:\Users\A\.m2\repository\jakarta\activation\jakarta.activation-api\2.1.2\jakarta.activation-api-2.1.2.jar;C:\Users\A\.m2\repository\org\springframework\spring-core\6.0.11\spring-core-6.0.11.jar;C:\Users\A\.m2\repository\org\springframework\spring-jcl\6.0.11\spring-jcl-6.0.11.jar
Launcher Type: SUN_STANDARD

[Global flags]
     intx CICompilerCount                          = 3                                         {product} {ergonomic}
     uint ConcGCThreads                            = 1                                         {product} {ergonomic}
     uint G1ConcRefinementThreads                  = 4                                         {product} {ergonomic}
   size_t G1HeapRegionSize                         = 1048576                                   {product} {ergonomic}
    uintx GCDrainStackTargetSize                   = 64                                        {product} {ergonomic}
   size_t InitialHeapSize                          = 134217728                                 {product} {ergonomic}
   size_t MarkStackSize                            = 4194304                                   {product} {ergonomic}
   size_t MaxHeapSize                              = 2118123520                                {product} {ergonomic}
   size_t MaxNewSize                               = 1270874112                                {product} {ergonomic}
   size_t MinHeapDeltaBytes                        = 1048576                                   {product} {ergonomic}
   size_t MinHeapSize                              = 8388608                                   {product} {ergonomic}
    uintx NonNMethodCodeHeapSize                   = 5832780                                {pd product} {ergonomic}
    uintx NonProfiledCodeHeapSize                  = 122912730                              {pd product} {ergonomic}
    uintx ProfiledCodeHeapSize                     = 122912730                              {pd product} {ergonomic}
    uintx ReservedCodeCacheSize                    = 251658240                              {pd product} {ergonomic}
     bool SegmentedCodeCache                       = true                                      {product} {ergonomic}
   size_t SoftMaxHeapSize                          = 2118123520                             {manageable} {ergonomic}
     bool UseCompressedClassPointers               = true                           {product lp64_product} {ergonomic}
     bool UseCompressedOops                        = true                           {product lp64_product} {ergonomic}
     bool UseG1GC                                  = true                                      {product} {ergonomic}
     bool UseLargePagesIndividualAllocation        = false                                  {pd product} {ergonomic}

Logging:
Log output configuration:
 #0: stdout all=warning uptime,level,tags foldmultilines=false
 #1: stderr all=off uptime,level,tags foldmultilines=false

Environment Variables:
JAVA_HOME=C:\Program Files\Java\jdk-19
PATH=C:\Program Files\Microsoft\jdk-11.0.12.7-hotspot\bin;C:\Program Files\Common Files\Oracle\Java\javapath;C:\Windows\system32;C:\Windows;C:\Windows\System32\Wbem;C:\Windows\System32\WindowsPowerShell\v1.0\;C:\Windows\System32\OpenSSH\;C:\Program Files\Java\jdk-19\bin;C:\Program Files\Common Files\Oracle\Java\javapath;C:\Program Files\Microsoft SQL Server\150\Tools\Binn\;C:\Program Files\Microsoft SQL Server\Client SDK\ODBC\170\Tools\Binn\;C:\Program Files\dotnet\;C:\Program Files (x86)\Microsoft SQL Server\110\Tools\Binn\;C:\Program Files\Microsoft SQL Server\110\Tools\Binn\;C:\Program Files\Microsoft SQL Server\110\DTS\Binn\;C:\Program Files (x86)\Microsoft SQL Server\150\Tools\Binn\;C:\Program Files\Microsoft SQL Server\150\DTS\Binn\;C:\Program Files (x86)\Microsoft SQL Server\160\DTS\Binn\;C:\Program Files\Azure Data Studio\bin;C:\Program Files (x86)\Microsoft SQL Server\150\DTS\Binn\;C:\Users\A\AppData\Local\Microsoft\WindowsApps;C:\Users\A\.dotnet\tools;C:\Program Files\Azure Data Studio\bin;C:\Program Files\JetBrains\IntelliJ IDEA Community Edition 2023.2\bin;
USERNAME=A
OS=Windows_NT
PROCESSOR_IDENTIFIER=Intel64 Family 6 Model 78 Stepping 3, GenuineIntel
TMP=C:\Users\A\AppData\Local\Temp
TEMP=C:\Users\A\AppData\Local\Temp



---------------  S Y S T E M  ---------------

OS:
 Windows 10 , 64 bit Build 19041 (10.0.19041.3031)
OS uptime: 3 days 3:27 hours

CPU: total 4 (initial active 4) (2 cores per cpu, 2 threads per core) family 6 model 78 stepping 3 microcode 0xcc, cx8, cmov, fxsr, ht, mmx, 3dnowpref, sse, sse2, sse3, ssse3, sse4.1, sse4.2, popcnt, lzcnt, tsc, tscinvbit, avx, avx2, aes, erms, clmul, bmi1, bmi2, rtm, adx, fma, vzeroupper, clflush, clflushopt, rdtscp

Memory: 4k page, system-wide physical 8072M (646M free)
TotalPageFile size 14121M (AvailPageFile size 10M)
current process WorkingSet (physical memory assigned to process): 217M, peak: 223M
current process commit charge ("private bytes"): 250M, peak: 264M

vm_info: Java HotSpot(TM) 64-Bit Server VM (19+36-2238) for windows-amd64 JRE (19+36-2238), built on 2022-08-12T20:29:01Z by "mach5one" with MS VC++ 17.1 (VS2022)

END.
