#
# There is insufficient memory for the Java Runtime Environment to continue.
# Native memory allocation (malloc) failed to allocate 707008 bytes for Chunk::new
# Possible reasons:
#   The system is out of physical RAM or swap space
#   The process is running with CompressedOops enabled, and the Java Heap may be blocking the growth of the native heap
# Possible solutions:
#   Reduce memory load on the system
#   Increase physical memory or swap space
#   Check if swap backing store is full
#   Decrease Java heap size (-Xmx/-Xms)
#   Decrease number of Java threads
#   Decrease Java thread stack sizes (-Xss)
#   Set larger code cache with -XX:ReservedCodeCacheSize=
#   JVM is running with Unscaled Compressed Oops mode in which the Java heap is
#     placed in the first 4GB address space. The Java Heap base address is the
#     maximum limit for the native heap growth. Please use -XX:HeapBaseMinAddress
#     to set the Java Heap base and to place the Java Heap above 4GB virtual address.
# This output file may be truncated or incomplete.
#
#  Out of Memory Error (arena.cpp:184), pid=18096, tid=16328
#
# JRE version: Java(TM) SE Runtime Environment (19.0+36) (build 19+36-2238)
# Java VM: Java HotSpot(TM) 64-Bit Server VM (19+36-2238, mixed mode, sharing, tiered, compressed oops, compressed class ptrs, g1 gc, windows-amd64)
# No core dump will be written. Minidumps are not enabled by default on client versions of Windows
#

---------------  S U M M A R Y ------------

Command Line: -javaagent:C:\Program Files\JetBrains\IntelliJ IDEA Community Edition 2023.2\lib\idea_rt.jar=51264:C:\Program Files\JetBrains\IntelliJ IDEA Community Edition 2023.2\bin -Dfile.encoding=UTF-8 -Dsun.stdout.encoding=UTF-8 -Dsun.stderr.encoding=UTF-8 com.krr.ProductManagementWebUsingSpringBoot.ProductManagementWebAppApplication

Host: Intel(R) Core(TM) i7-6600U CPU @ 2.60GHz, 4 cores, 7G,  Windows 10 , 64 bit Build 19041 (10.0.19041.3031)
Time: Sun Aug  6 16:03:25 2023 India Standard Time elapsed time: 4.255835 seconds (0d 0h 0m 4s)

---------------  T H R E A D  ---------------

Current thread (0x000001622b8fe590):  JavaThread "C2 CompilerThread1" daemon [_thread_in_native, id=16328, stack(0x0000001616d00000,0x0000001616e00000)]


Current CompileTask:
C2:   4256 2800       4       org.springframework.beans.factory.support.AbstractBeanFactory::isTypeMatch (619 bytes)

Stack: [0x0000001616d00000,0x0000001616e00000]
Native frames: (J=compiled Java code, j=interpreted, Vv=VM code, C=native code)
V  [jvm.dll+0x6ee8fa]
V  [jvm.dll+0x857a1e]
V  [jvm.dll+0x85940e]
V  [jvm.dll+0x859ac3]
V  [jvm.dll+0x28291f]
V  [jvm.dll+0xc9b5f]
V  [jvm.dll+0xc9ee5]
V  [jvm.dll+0x3bcbac]
V  [jvm.dll+0x386201]
V  [jvm.dll+0x38567a]
V  [jvm.dll+0x24c2c9]
V  [jvm.dll+0x24b671]
V  [jvm.dll+0x1d6d61]
V  [jvm.dll+0x25b0fa]
V  [jvm.dll+0x259588]
V  [jvm.dll+0x807928]
V  [jvm.dll+0x8015fa]
V  [jvm.dll+0x6ed5eb]
C  [ucrtbase.dll+0x21bb2]
C  [KERNEL32.DLL+0x17614]
C  [ntdll.dll+0x526f1]


---------------  P R O C E S S  ---------------

Threads class SMR info:
_java_thread_list=0x000001622bcca500, length=14, elements={
0x0000016206c36440, 0x0000016226adb560, 0x0000016226adc960, 0x0000016226adee60,
0x0000016226ae0a20, 0x0000016226ae1eb0, 0x0000016226ae40d0, 0x0000016226aebb70,
0x0000016226aee430, 0x0000016226b01d10, 0x000001622adaaa10, 0x000001622ada8f80,
0x000001622ada94d0, 0x000001622b8fe590
}

Java Threads: ( => current thread )
  0x0000016206c36440 JavaThread "main" [_thread_in_vm, id=9528, stack(0x0000001615900000,0x0000001615a00000)]
  0x0000016226adb560 JavaThread "Reference Handler" daemon [_thread_blocked, id=9852, stack(0x0000001616000000,0x0000001616100000)]
  0x0000016226adc960 JavaThread "Finalizer" daemon [_thread_blocked, id=18372, stack(0x0000001616100000,0x0000001616200000)]
  0x0000016226adee60 JavaThread "Signal Dispatcher" daemon [_thread_blocked, id=9496, stack(0x0000001616200000,0x0000001616300000)]
  0x0000016226ae0a20 JavaThread "Attach Listener" daemon [_thread_blocked, id=1832, stack(0x0000001616300000,0x0000001616400000)]
  0x0000016226ae1eb0 JavaThread "Service Thread" daemon [_thread_blocked, id=18460, stack(0x0000001616400000,0x0000001616500000)]
  0x0000016226ae40d0 JavaThread "Monitor Deflation Thread" daemon [_thread_blocked, id=19140, stack(0x0000001616500000,0x0000001616600000)]
  0x0000016226aebb70 JavaThread "C2 CompilerThread0" daemon [_thread_in_native, id=9024, stack(0x0000001616600000,0x0000001616700000)]
  0x0000016226aee430 JavaThread "C1 CompilerThread0" daemon [_thread_blocked, id=6824, stack(0x0000001616700000,0x0000001616800000)]
  0x0000016226b01d10 JavaThread "Sweeper thread" daemon [_thread_blocked, id=3972, stack(0x0000001616800000,0x0000001616900000)]
  0x000001622adaaa10 JavaThread "Common-Cleaner" daemon [_thread_blocked, id=4144, stack(0x0000001616900000,0x0000001616a00000)]
  0x000001622ada8f80 JavaThread "Monitor Ctrl-Break" daemon [_thread_in_native, id=12164, stack(0x0000001616a00000,0x0000001616b00000)]
  0x000001622ada94d0 JavaThread "Notification Thread" daemon [_thread_blocked, id=5236, stack(0x0000001616b00000,0x0000001616c00000)]
=>0x000001622b8fe590 JavaThread "C2 CompilerThread1" daemon [_thread_in_native, id=16328, stack(0x0000001616d00000,0x0000001616e00000)]

Other Threads:
  0x0000016226abcdc0 VMThread "VM Thread" [stack: 0x0000001615f00000,0x0000001616000000] [id=8572]
  0x000001622af0e6a0 WatcherThread "VM Periodic Task Thread" [stack: 0x0000001616c00000,0x0000001616d00000] [id=16680]
  0x0000016206c94e50 WorkerThread "GC Thread#0" [stack: 0x0000001615a00000,0x0000001615b00000] [id=16256]
  0x000001622b5ab760 WorkerThread "GC Thread#1" [stack: 0x0000001616e00000,0x0000001616f00000] [id=7304]
  0x000001622b5aba30 WorkerThread "GC Thread#2" [stack: 0x0000001616f00000,0x0000001617000000] [id=17172]
  0x000001622b5ac4f0 WorkerThread "GC Thread#3" [stack: 0x0000001617000000,0x0000001617100000] [id=6700]
  0x0000016206ca6af0 ConcurrentGCThread "G1 Main Marker" [stack: 0x0000001615b00000,0x0000001615c00000] [id=18264]
  0x0000016206ca8be0 WorkerThread "G1 Conc#0" [stack: 0x0000001615c00000,0x0000001615d00000] [id=3120]
  0x00000162269830d0 ConcurrentGCThread "G1 Refine#0" [stack: 0x0000001615d00000,0x0000001615e00000] [id=11172]
  0x0000016226983b20 ConcurrentGCThread "G1 Service" [stack: 0x0000001615e00000,0x0000001615f00000] [id=19060]

Threads with active compile tasks:
C2 CompilerThread0     4320 2738   !   4       jdk.internal.loader.BuiltinClassLoader::loadClassOrNull (143 bytes)
C2 CompilerThread1     4320 2800       4       org.springframework.beans.factory.support.AbstractBeanFactory::isTypeMatch (619 bytes)

VM state: not at safepoint (normal execution)

VM Mutex/Monitor currently owned by a thread: None

Heap address: 0x0000000081c00000, size: 2020 MB, Compressed Oops mode: 32-bit

CDS archive(s) mapped at: [0x0000000800000000-0x0000000800c40000-0x0000000800c40000), size 12845056, SharedBaseAddress: 0x0000000800000000, ArchiveRelocationMode: 0.
Compressed class space mapped at: 0x0000000801000000-0x0000000841000000, reserved size: 1073741824
Narrow klass base: 0x0000000800000000, Narrow klass shift: 0, Narrow klass range: 0x100000000

GC Precious Log:
 CardTable entry size: 512
 Card Set container configuration: InlinePtr #cards 5 size 8 Array Of Cards #cards 12 size 40 Howl #buckets 4 coarsen threshold 1843 Howl Bitmap #cards 512 size 80 coarsen threshold 460 Card regions per heap region 1 cards per card region 2048
 CPUs: 4 total, 4 available
 Memory: 8072M
 Large Page Support: Disabled
 NUMA Support: Disabled
 Compressed Oops: Enabled (32-bit)
 Heap Region Size: 1M
 Heap Min Capacity: 8M
 Heap Initial Capacity: 128M
 Heap Max Capacity: 2020M
 Pre-touch: Disabled
 Parallel Workers: 4
 Concurrent Workers: 1
 Concurrent Refinement Workers: 4
 Periodic GC: Disabled

Heap:
 garbage-first heap   total 131072K, used 37177K [0x0000000081c00000, 0x0000000100000000)
  region size 1024K, 33 young (33792K), 4 survivors (4096K)
 Metaspace       used 19628K, committed 19904K, reserved 1114112K
  class space    used 2294K, committed 2432K, reserved 1048576K

Heap Regions: E=young(eden), S=young(survivor), O=old, HS=humongous(starts), HC=humongous(continues), CS=collection set, F=free, OA=open archive, CA=closed archive, TAMS=top-at-mark-start (previous, next)
|   0|0x0000000081c00000, 0x0000000081d00000, 0x0000000081d00000|100%|HS|  |TAMS 0x0000000081c00000, 0x0000000081c00000| Complete 
|   1|0x0000000081d00000, 0x0000000081e00000, 0x0000000081e00000|100%| O|  |TAMS 0x0000000081d00000, 0x0000000081d00000| Untracked 
|   2|0x0000000081e00000, 0x0000000081f00000, 0x0000000081f00000|100%| O|  |TAMS 0x0000000081e00000, 0x0000000081e00000| Untracked 
|   3|0x0000000081f00000, 0x0000000082000000, 0x0000000082000000|100%| O|  |TAMS 0x0000000081f00000, 0x0000000081f00000| Untracked 
|   4|0x0000000082000000, 0x0000000082100000, 0x0000000082100000|100%| O|  |TAMS 0x0000000082000000, 0x0000000082000000| Untracked 
|   5|0x0000000082100000, 0x00000000821de200, 0x0000000082200000| 86%| O|  |TAMS 0x0000000082100000, 0x0000000082100000| Untracked 
|   6|0x0000000082200000, 0x0000000082200000, 0x0000000082300000|  0%| F|  |TAMS 0x0000000082200000, 0x0000000082200000| Untracked 
|   7|0x0000000082300000, 0x0000000082300000, 0x0000000082400000|  0%| F|  |TAMS 0x0000000082300000, 0x0000000082300000| Untracked 
|   8|0x0000000082400000, 0x0000000082400000, 0x0000000082500000|  0%| F|  |TAMS 0x0000000082400000, 0x0000000082400000| Untracked 
|   9|0x0000000082500000, 0x0000000082500000, 0x0000000082600000|  0%| F|  |TAMS 0x0000000082500000, 0x0000000082500000| Untracked 
|  10|0x0000000082600000, 0x0000000082600000, 0x0000000082700000|  0%| F|  |TAMS 0x0000000082600000, 0x0000000082600000| Untracked 
|  11|0x0000000082700000, 0x0000000082700000, 0x0000000082800000|  0%| F|  |TAMS 0x0000000082700000, 0x0000000082700000| Untracked 
|  12|0x0000000082800000, 0x0000000082800000, 0x0000000082900000|  0%| F|  |TAMS 0x0000000082800000, 0x0000000082800000| Untracked 
|  13|0x0000000082900000, 0x0000000082900000, 0x0000000082a00000|  0%| F|  |TAMS 0x0000000082900000, 0x0000000082900000| Untracked 
|  14|0x0000000082a00000, 0x0000000082a00000, 0x0000000082b00000|  0%| F|  |TAMS 0x0000000082a00000, 0x0000000082a00000| Untracked 
|  15|0x0000000082b00000, 0x0000000082b00000, 0x0000000082c00000|  0%| F|  |TAMS 0x0000000082b00000, 0x0000000082b00000| Untracked 
|  16|0x0000000082c00000, 0x0000000082c00000, 0x0000000082d00000|  0%| F|  |TAMS 0x0000000082c00000, 0x0000000082c00000| Untracked 
|  17|0x0000000082d00000, 0x0000000082d00000, 0x0000000082e00000|  0%| F|  |TAMS 0x0000000082d00000, 0x0000000082d00000| Untracked 
|  18|0x0000000082e00000, 0x0000000082e00000, 0x0000000082f00000|  0%| F|  |TAMS 0x0000000082e00000, 0x0000000082e00000| Untracked 
|  19|0x0000000082f00000, 0x0000000082f00000, 0x0000000083000000|  0%| F|  |TAMS 0x0000000082f00000, 0x0000000082f00000| Untracked 
|  20|0x0000000083000000, 0x0000000083000000, 0x0000000083100000|  0%| F|  |TAMS 0x0000000083000000, 0x0000000083000000| Untracked 
|  21|0x0000000083100000, 0x0000000083100000, 0x0000000083200000|  0%| F|  |TAMS 0x0000000083100000, 0x0000000083100000| Untracked 
|  22|0x0000000083200000, 0x0000000083200000, 0x0000000083300000|  0%| F|  |TAMS 0x0000000083200000, 0x0000000083200000| Untracked 
|  23|0x0000000083300000, 0x0000000083300000, 0x0000000083400000|  0%| F|  |TAMS 0x0000000083300000, 0x0000000083300000| Untracked 
|  24|0x0000000083400000, 0x0000000083400000, 0x0000000083500000|  0%| F|  |TAMS 0x0000000083400000, 0x0000000083400000| Untracked 
|  25|0x0000000083500000, 0x0000000083500000, 0x0000000083600000|  0%| F|  |TAMS 0x0000000083500000, 0x0000000083500000| Untracked 
|  26|0x0000000083600000, 0x0000000083600000, 0x0000000083700000|  0%| F|  |TAMS 0x0000000083600000, 0x0000000083600000| Untracked 
|  27|0x0000000083700000, 0x0000000083700000, 0x0000000083800000|  0%| F|  |TAMS 0x0000000083700000, 0x0000000083700000| Untracked 
|  28|0x0000000083800000, 0x0000000083800000, 0x0000000083900000|  0%| F|  |TAMS 0x0000000083800000, 0x0000000083800000| Untracked 
|  29|0x0000000083900000, 0x0000000083900000, 0x0000000083a00000|  0%| F|  |TAMS 0x0000000083900000, 0x0000000083900000| Untracked 
|  30|0x0000000083a00000, 0x0000000083a00000, 0x0000000083b00000|  0%| F|  |TAMS 0x0000000083a00000, 0x0000000083a00000| Untracked 
|  31|0x0000000083b00000, 0x0000000083b00000, 0x0000000083c00000|  0%| F|  |TAMS 0x0000000083b00000, 0x0000000083b00000| Untracked 
|  32|0x0000000083c00000, 0x0000000083c00000, 0x0000000083d00000|  0%| F|  |TAMS 0x0000000083c00000, 0x0000000083c00000| Untracked 
|  33|0x0000000083d00000, 0x0000000083d00000, 0x0000000083e00000|  0%| F|  |TAMS 0x0000000083d00000, 0x0000000083d00000| Untracked 
|  34|0x0000000083e00000, 0x0000000083e00000, 0x0000000083f00000|  0%| F|  |TAMS 0x0000000083e00000, 0x0000000083e00000| Untracked 
|  35|0x0000000083f00000, 0x0000000083f00000, 0x0000000084000000|  0%| F|  |TAMS 0x0000000083f00000, 0x0000000083f00000| Untracked 
|  36|0x0000000084000000, 0x0000000084000000, 0x0000000084100000|  0%| F|  |TAMS 0x0000000084000000, 0x0000000084000000| Untracked 
|  37|0x0000000084100000, 0x0000000084100000, 0x0000000084200000|  0%| F|  |TAMS 0x0000000084100000, 0x0000000084100000| Untracked 
|  38|0x0000000084200000, 0x0000000084200000, 0x0000000084300000|  0%| F|  |TAMS 0x0000000084200000, 0x0000000084200000| Untracked 
|  39|0x0000000084300000, 0x0000000084300000, 0x0000000084400000|  0%| F|  |TAMS 0x0000000084300000, 0x0000000084300000| Untracked 
|  40|0x0000000084400000, 0x0000000084400000, 0x0000000084500000|  0%| F|  |TAMS 0x0000000084400000, 0x0000000084400000| Untracked 
|  41|0x0000000084500000, 0x0000000084500000, 0x0000000084600000|  0%| F|  |TAMS 0x0000000084500000, 0x0000000084500000| Untracked 
|  42|0x0000000084600000, 0x0000000084600000, 0x0000000084700000|  0%| F|  |TAMS 0x0000000084600000, 0x0000000084600000| Untracked 
|  43|0x0000000084700000, 0x0000000084700000, 0x0000000084800000|  0%| F|  |TAMS 0x0000000084700000, 0x0000000084700000| Untracked 
|  44|0x0000000084800000, 0x0000000084800000, 0x0000000084900000|  0%| F|  |TAMS 0x0000000084800000, 0x0000000084800000| Untracked 
|  45|0x0000000084900000, 0x0000000084900000, 0x0000000084a00000|  0%| F|  |TAMS 0x0000000084900000, 0x0000000084900000| Untracked 
|  46|0x0000000084a00000, 0x0000000084a00000, 0x0000000084b00000|  0%| F|  |TAMS 0x0000000084a00000, 0x0000000084a00000| Untracked 
|  47|0x0000000084b00000, 0x0000000084b00000, 0x0000000084c00000|  0%| F|  |TAMS 0x0000000084b00000, 0x0000000084b00000| Untracked 
|  48|0x0000000084c00000, 0x0000000084c00000, 0x0000000084d00000|  0%| F|  |TAMS 0x0000000084c00000, 0x0000000084c00000| Untracked 
|  49|0x0000000084d00000, 0x0000000084d00000, 0x0000000084e00000|  0%| F|  |TAMS 0x0000000084d00000, 0x0000000084d00000| Untracked 
|  50|0x0000000084e00000, 0x0000000084e00000, 0x0000000084f00000|  0%| F|  |TAMS 0x0000000084e00000, 0x0000000084e00000| Untracked 
|  51|0x0000000084f00000, 0x0000000084f00000, 0x0000000085000000|  0%| F|  |TAMS 0x0000000084f00000, 0x0000000084f00000| Untracked 
|  52|0x0000000085000000, 0x0000000085000000, 0x0000000085100000|  0%| F|  |TAMS 0x0000000085000000, 0x0000000085000000| Untracked 
|  53|0x0000000085100000, 0x0000000085100000, 0x0000000085200000|  0%| F|  |TAMS 0x0000000085100000, 0x0000000085100000| Untracked 
|  54|0x0000000085200000, 0x0000000085200000, 0x0000000085300000|  0%| F|  |TAMS 0x0000000085200000, 0x0000000085200000| Untracked 
|  55|0x0000000085300000, 0x0000000085300000, 0x0000000085400000|  0%| F|  |TAMS 0x0000000085300000, 0x0000000085300000| Untracked 
|  56|0x0000000085400000, 0x0000000085400000, 0x0000000085500000|  0%| F|  |TAMS 0x0000000085400000, 0x0000000085400000| Untracked 
|  57|0x0000000085500000, 0x0000000085500000, 0x0000000085600000|  0%| F|  |TAMS 0x0000000085500000, 0x0000000085500000| Untracked 
|  58|0x0000000085600000, 0x0000000085600000, 0x0000000085700000|  0%| F|  |TAMS 0x0000000085600000, 0x0000000085600000| Untracked 
|  59|0x0000000085700000, 0x0000000085700000, 0x0000000085800000|  0%| F|  |TAMS 0x0000000085700000, 0x0000000085700000| Untracked 
|  60|0x0000000085800000, 0x0000000085800000, 0x0000000085900000|  0%| F|  |TAMS 0x0000000085800000, 0x0000000085800000| Untracked 
|  61|0x0000000085900000, 0x0000000085900000, 0x0000000085a00000|  0%| F|  |TAMS 0x0000000085900000, 0x0000000085900000| Untracked 
|  62|0x0000000085a00000, 0x0000000085a00000, 0x0000000085b00000|  0%| F|  |TAMS 0x0000000085a00000, 0x0000000085a00000| Untracked 
|  63|0x0000000085b00000, 0x0000000085b00000, 0x0000000085c00000|  0%| F|  |TAMS 0x0000000085b00000, 0x0000000085b00000| Untracked 
|  64|0x0000000085c00000, 0x0000000085c00000, 0x0000000085d00000|  0%| F|  |TAMS 0x0000000085c00000, 0x0000000085c00000| Untracked 
|  65|0x0000000085d00000, 0x0000000085d00000, 0x0000000085e00000|  0%| F|  |TAMS 0x0000000085d00000, 0x0000000085d00000| Untracked 
|  66|0x0000000085e00000, 0x0000000085e00000, 0x0000000085f00000|  0%| F|  |TAMS 0x0000000085e00000, 0x0000000085e00000| Untracked 
|  67|0x0000000085f00000, 0x0000000085f00000, 0x0000000086000000|  0%| F|  |TAMS 0x0000000085f00000, 0x0000000085f00000| Untracked 
|  68|0x0000000086000000, 0x0000000086000000, 0x0000000086100000|  0%| F|  |TAMS 0x0000000086000000, 0x0000000086000000| Untracked 
|  69|0x0000000086100000, 0x0000000086100000, 0x0000000086200000|  0%| F|  |TAMS 0x0000000086100000, 0x0000000086100000| Untracked 
|  70|0x0000000086200000, 0x0000000086200000, 0x0000000086300000|  0%| F|  |TAMS 0x0000000086200000, 0x0000000086200000| Untracked 
|  71|0x0000000086300000, 0x0000000086300000, 0x0000000086400000|  0%| F|  |TAMS 0x0000000086300000, 0x0000000086300000| Untracked 
|  72|0x0000000086400000, 0x0000000086400000, 0x0000000086500000|  0%| F|  |TAMS 0x0000000086400000, 0x0000000086400000| Untracked 
|  73|0x0000000086500000, 0x0000000086500000, 0x0000000086600000|  0%| F|  |TAMS 0x0000000086500000, 0x0000000086500000| Untracked 
|  74|0x0000000086600000, 0x0000000086600000, 0x0000000086700000|  0%| F|  |TAMS 0x0000000086600000, 0x0000000086600000| Untracked 
|  75|0x0000000086700000, 0x0000000086700000, 0x0000000086800000|  0%| F|  |TAMS 0x0000000086700000, 0x0000000086700000| Untracked 
|  76|0x0000000086800000, 0x0000000086800000, 0x0000000086900000|  0%| F|  |TAMS 0x0000000086800000, 0x0000000086800000| Untracked 
|  77|0x0000000086900000, 0x0000000086900000, 0x0000000086a00000|  0%| F|  |TAMS 0x0000000086900000, 0x0000000086900000| Untracked 
|  78|0x0000000086a00000, 0x0000000086a00000, 0x0000000086b00000|  0%| F|  |TAMS 0x0000000086a00000, 0x0000000086a00000| Untracked 
|  79|0x0000000086b00000, 0x0000000086b00000, 0x0000000086c00000|  0%| F|  |TAMS 0x0000000086b00000, 0x0000000086b00000| Untracked 
|  80|0x0000000086c00000, 0x0000000086c00000, 0x0000000086d00000|  0%| F|  |TAMS 0x0000000086c00000, 0x0000000086c00000| Untracked 
|  81|0x0000000086d00000, 0x0000000086d00000, 0x0000000086e00000|  0%| F|  |TAMS 0x0000000086d00000, 0x0000000086d00000| Untracked 
|  82|0x0000000086e00000, 0x0000000086e00000, 0x0000000086f00000|  0%| F|  |TAMS 0x0000000086e00000, 0x0000000086e00000| Untracked 
|  83|0x0000000086f00000, 0x0000000086f00000, 0x0000000087000000|  0%| F|  |TAMS 0x0000000086f00000, 0x0000000086f00000| Untracked 
|  84|0x0000000087000000, 0x0000000087000000, 0x0000000087100000|  0%| F|  |TAMS 0x0000000087000000, 0x0000000087000000| Untracked 
|  85|0x0000000087100000, 0x0000000087100000, 0x0000000087200000|  0%| F|  |TAMS 0x0000000087100000, 0x0000000087100000| Untracked 
|  86|0x0000000087200000, 0x0000000087200000, 0x0000000087300000|  0%| F|  |TAMS 0x0000000087200000, 0x0000000087200000| Untracked 
|  87|0x0000000087300000, 0x0000000087300000, 0x0000000087400000|  0%| F|  |TAMS 0x0000000087300000, 0x0000000087300000| Untracked 
|  88|0x0000000087400000, 0x0000000087400000, 0x0000000087500000|  0%| F|  |TAMS 0x0000000087400000, 0x0000000087400000| Untracked 
|  89|0x0000000087500000, 0x0000000087500000, 0x0000000087600000|  0%| F|  |TAMS 0x0000000087500000, 0x0000000087500000| Untracked 
|  90|0x0000000087600000, 0x0000000087600000, 0x0000000087700000|  0%| F|  |TAMS 0x0000000087600000, 0x0000000087600000| Untracked 
|  91|0x0000000087700000, 0x0000000087700000, 0x0000000087800000|  0%| F|  |TAMS 0x0000000087700000, 0x0000000087700000| Untracked 
|  92|0x0000000087800000, 0x0000000087800000, 0x0000000087900000|  0%| F|  |TAMS 0x0000000087800000, 0x0000000087800000| Untracked 
|  93|0x0000000087900000, 0x0000000087900000, 0x0000000087a00000|  0%| F|  |TAMS 0x0000000087900000, 0x0000000087900000| Untracked 
|  94|0x0000000087a00000, 0x0000000087a00000, 0x0000000087b00000|  0%| F|  |TAMS 0x0000000087a00000, 0x0000000087a00000| Untracked 
|  95|0x0000000087b00000, 0x0000000087b705b0, 0x0000000087c00000| 43%| S|CS|TAMS 0x0000000087b00000, 0x0000000087b00000| Complete 
|  96|0x0000000087c00000, 0x0000000087d00000, 0x0000000087d00000|100%| S|CS|TAMS 0x0000000087c00000, 0x0000000087c00000| Complete 
|  97|0x0000000087d00000, 0x0000000087e00000, 0x0000000087e00000|100%| S|CS|TAMS 0x0000000087d00000, 0x0000000087d00000| Complete 
|  98|0x0000000087e00000, 0x0000000087f00000, 0x0000000087f00000|100%| S|CS|TAMS 0x0000000087e00000, 0x0000000087e00000| Complete 
|  99|0x0000000087f00000, 0x0000000087f66c28, 0x0000000088000000| 40%| E|  |TAMS 0x0000000087f00000, 0x0000000087f00000| Complete 
| 100|0x0000000088000000, 0x0000000088100000, 0x0000000088100000|100%| E|CS|TAMS 0x0000000088000000, 0x0000000088000000| Complete 
| 101|0x0000000088100000, 0x0000000088200000, 0x0000000088200000|100%| E|CS|TAMS 0x0000000088100000, 0x0000000088100000| Complete 
| 102|0x0000000088200000, 0x0000000088300000, 0x0000000088300000|100%| E|CS|TAMS 0x0000000088200000, 0x0000000088200000| Complete 
| 103|0x0000000088300000, 0x0000000088400000, 0x0000000088400000|100%| E|CS|TAMS 0x0000000088300000, 0x0000000088300000| Complete 
| 104|0x0000000088400000, 0x0000000088500000, 0x0000000088500000|100%| E|CS|TAMS 0x0000000088400000, 0x0000000088400000| Complete 
| 105|0x0000000088500000, 0x0000000088600000, 0x0000000088600000|100%| E|CS|TAMS 0x0000000088500000, 0x0000000088500000| Complete 
| 106|0x0000000088600000, 0x0000000088700000, 0x0000000088700000|100%| E|CS|TAMS 0x0000000088600000, 0x0000000088600000| Complete 
| 107|0x0000000088700000, 0x0000000088800000, 0x0000000088800000|100%| E|CS|TAMS 0x0000000088700000, 0x0000000088700000| Complete 
| 108|0x0000000088800000, 0x0000000088900000, 0x0000000088900000|100%| E|CS|TAMS 0x0000000088800000, 0x0000000088800000| Complete 
| 109|0x0000000088900000, 0x0000000088a00000, 0x0000000088a00000|100%| E|CS|TAMS 0x0000000088900000, 0x0000000088900000| Complete 
| 110|0x0000000088a00000, 0x0000000088b00000, 0x0000000088b00000|100%| E|CS|TAMS 0x0000000088a00000, 0x0000000088a00000| Complete 
| 111|0x0000000088b00000, 0x0000000088c00000, 0x0000000088c00000|100%| E|CS|TAMS 0x0000000088b00000, 0x0000000088b00000| Complete 
| 112|0x0000000088c00000, 0x0000000088d00000, 0x0000000088d00000|100%| E|CS|TAMS 0x0000000088c00000, 0x0000000088c00000| Complete 
| 113|0x0000000088d00000, 0x0000000088e00000, 0x0000000088e00000|100%| E|CS|TAMS 0x0000000088d00000, 0x0000000088d00000| Complete 
| 114|0x0000000088e00000, 0x0000000088f00000, 0x0000000088f00000|100%| E|CS|TAMS 0x0000000088e00000, 0x0000000088e00000| Complete 
| 115|0x0000000088f00000, 0x0000000089000000, 0x0000000089000000|100%| E|CS|TAMS 0x0000000088f00000, 0x0000000088f00000| Complete 
| 116|0x0000000089000000, 0x0000000089100000, 0x0000000089100000|100%| E|CS|TAMS 0x0000000089000000, 0x0000000089000000| Complete 
| 117|0x0000000089100000, 0x0000000089200000, 0x0000000089200000|100%| E|CS|TAMS 0x0000000089100000, 0x0000000089100000| Complete 
| 118|0x0000000089200000, 0x0000000089300000, 0x0000000089300000|100%| E|CS|TAMS 0x0000000089200000, 0x0000000089200000| Complete 
| 119|0x0000000089300000, 0x0000000089400000, 0x0000000089400000|100%| E|CS|TAMS 0x0000000089300000, 0x0000000089300000| Complete 
| 120|0x0000000089400000, 0x0000000089500000, 0x0000000089500000|100%| E|CS|TAMS 0x0000000089400000, 0x0000000089400000| Complete 
| 121|0x0000000089500000, 0x0000000089600000, 0x0000000089600000|100%| E|CS|TAMS 0x0000000089500000, 0x0000000089500000| Complete 
| 122|0x0000000089600000, 0x0000000089700000, 0x0000000089700000|100%| E|CS|TAMS 0x0000000089600000, 0x0000000089600000| Complete 
| 123|0x0000000089700000, 0x0000000089800000, 0x0000000089800000|100%| E|CS|TAMS 0x0000000089700000, 0x0000000089700000| Complete 
| 124|0x0000000089800000, 0x0000000089900000, 0x0000000089900000|100%| E|  |TAMS 0x0000000089800000, 0x0000000089800000| Complete 
| 125|0x0000000089900000, 0x0000000089a00000, 0x0000000089a00000|100%| E|CS|TAMS 0x0000000089900000, 0x0000000089900000| Complete 
| 126|0x0000000089a00000, 0x0000000089b00000, 0x0000000089b00000|100%| E|CS|TAMS 0x0000000089a00000, 0x0000000089a00000| Complete 
| 127|0x0000000089b00000, 0x0000000089c00000, 0x0000000089c00000|100%| E|CS|TAMS 0x0000000089b00000, 0x0000000089b00000| Complete 

Card table byte_map: [0x000001621fda0000,0x00000162201a0000] _byte_map_base: 0x000001621f992000

Marking Bits (Prev, Next): (CMBitMap*) 0x0000016206c963a0, (CMBitMap*) 0x0000016206c963e0
 Prev Bits: [0x00000162205a0000, 0x0000016222530000)
 Next Bits: [0x0000016222530000, 0x00000162244c0000)

Polling page: 0x0000016206af0000

Metaspace:

Usage:
  Non-class:     16.95 MB used.
      Class:      2.25 MB used.
       Both:     19.20 MB used.

Virtual space:
  Non-class space:       64.00 MB reserved,      17.12 MB ( 27%) committed,  1 nodes.
      Class space:        1.00 GB reserved,       2.38 MB ( <1%) committed,  1 nodes.
             Both:        1.06 GB reserved,      19.50 MB (  2%) committed. 

Chunk freelists:
   Non-Class:  2.40 MB
       Class:  1.58 MB
        Both:  3.98 MB

MaxMetaspaceSize: unlimited
CompressedClassSpaceSize: 1.00 GB
Initial GC threshold: 21.00 MB
Current GC threshold: 21.00 MB
CDS: on
MetaspaceReclaimPolicy: balanced
 - commit_granule_bytes: 65536.
 - commit_granule_words: 8192.
 - virtual_space_node_default_size: 8388608.
 - enlarge_chunks_in_place: 1.
 - new_chunks_are_fully_committed: 0.
 - uncommit_free_chunks: 1.
 - use_allocation_guard: 0.


Internal statistics:

num_allocs_failed_limit: 0.
num_arena_births: 248.
num_arena_deaths: 0.
num_vsnodes_births: 2.
num_vsnodes_deaths: 0.
num_space_committed: 312.
num_space_uncommitted: 0.
num_chunks_returned_to_freelist: 0.
num_chunks_taken_from_freelist: 888.
num_chunk_merges: 0.
num_chunk_splits: 628.
num_chunks_enlarged: 515.
num_inconsistent_stats: 0.

CodeHeap 'non-profiled nmethods': size=120000Kb used=1097Kb max_used=1097Kb free=118902Kb
 bounds [0x0000016217e50000, 0x00000162180c0000, 0x000001621f380000]
CodeHeap 'profiled nmethods': size=120000Kb used=5850Kb max_used=5850Kb free=114150Kb
 bounds [0x0000016210380000, 0x0000016210940000, 0x00000162178b0000]
CodeHeap 'non-nmethods': size=5760Kb used=1282Kb max_used=1330Kb free=4477Kb
 bounds [0x00000162178b0000, 0x0000016217b20000, 0x0000016217e50000]
 total_blobs=3349 nmethods=2850 adapters=408
 compilation: enabled
              stopped_count=0, restarted_count=0
 full_count=0

Compilation events (20 events):
Event: 4.198 Thread 0x0000016226aee430 2825       3       sun.invoke.util.Wrapper::isSubwordOrInt (20 bytes)
Event: 4.198 Thread 0x0000016226aee430 nmethod 2825 0x0000016210927010 code [0x00000162109271e0, 0x00000162109275f8]
Event: 4.198 Thread 0x0000016226aee430 2826       3       sun.invoke.util.Wrapper::isIntegral (23 bytes)
Event: 4.199 Thread 0x0000016226aee430 nmethod 2826 0x0000016210927710 code [0x00000162109278c0, 0x0000016210927b18]
Event: 4.199 Thread 0x0000016226aee430 2828       3       java.lang.Class::copyMethods (36 bytes)
Event: 4.199 Thread 0x0000016226aee430 nmethod 2828 0x0000016210927c10 code [0x0000016210927e60, 0x00000162109288e8]
Event: 4.199 Thread 0x0000016226aee430 2827       3       sun.invoke.util.Wrapper::isNumeric (16 bytes)
Event: 4.200 Thread 0x0000016226aee430 nmethod 2827 0x0000016210928d90 code [0x0000016210928f20, 0x0000016210929098]
Event: 4.210 Thread 0x0000016226aee430 2829       3       java.lang.invoke.VarHandleReferences$FieldInstanceReadWrite::compareAndSet (48 bytes)
Event: 4.211 Thread 0x0000016226aee430 nmethod 2829 0x0000016210929110 code [0x0000016210929380, 0x0000016210929e08]
Event: 4.211 Thread 0x0000016226aee430 2830       1       ch.qos.logback.core.pattern.Converter::getNext (5 bytes)
Event: 4.212 Thread 0x0000016226aee430 nmethod 2830 0x0000016217f61490 code [0x0000016217f61620, 0x0000016217f616d8]
Event: 4.214 Thread 0x0000016226aee430 2831       3       java.util.ArrayList::addAll (76 bytes)
Event: 4.215 Thread 0x0000016226aee430 nmethod 2831 0x000001621092a210 code [0x000001621092a3e0, 0x000001621092a888]
Event: 4.215 Thread 0x0000016226aee430 2833       3       java.lang.invoke.LambdaFormEditor$TransformKey::of (49 bytes)
Event: 4.215 Thread 0x0000016226aee430 nmethod 2833 0x000001621092aa10 code [0x000001621092ac00, 0x000001621092b148]
Event: 4.215 Thread 0x0000016226aee430 2832   !   3       java.lang.invoke.MethodHandles$Lookup::canBeCached (150 bytes)
Event: 4.217 Thread 0x0000016226aee430 nmethod 2832 0x000001621092b310 code [0x000001621092b660, 0x000001621092cb08]
Event: 4.217 Thread 0x0000016226aee430 2834       3       java.lang.invoke.LambdaFormEditor$TransformKey::bval (26 bytes)
Event: 4.217 Thread 0x0000016226aee430 nmethod 2834 0x000001621092d210 code [0x000001621092d3a0, 0x000001621092d498]

GC Heap History (6 events):
Event: 1.146 GC heap before
{Heap before GC invocations=0 (full 0):
 garbage-first heap   total 131072K, used 13312K [0x0000000081c00000, 0x0000000100000000)
  region size 1024K, 13 young (13312K), 0 survivors (0K)
 Metaspace       used 3722K, committed 3904K, reserved 1114112K
  class space    used 380K, committed 448K, reserved 1048576K
}
Event: 1.155 GC heap after
{Heap after GC invocations=1 (full 0):
 garbage-first heap   total 131072K, used 5847K [0x0000000081c00000, 0x0000000100000000)
  region size 1024K, 2 young (2048K), 2 survivors (2048K)
 Metaspace       used 3722K, committed 3904K, reserved 1114112K
  class space    used 380K, committed 448K, reserved 1048576K
}
Event: 1.931 GC heap before
{Heap before GC invocations=1 (full 0):
 garbage-first heap   total 131072K, used 19159K [0x0000000081c00000, 0x0000000100000000)
  region size 1024K, 15 young (15360K), 2 survivors (2048K)
 Metaspace       used 7415K, committed 7680K, reserved 1114112K
  class space    used 854K, committed 960K, reserved 1048576K
}
Event: 1.937 GC heap after
{Heap after GC invocations=2 (full 0):
 garbage-first heap   total 131072K, used 7513K [0x0000000081c00000, 0x0000000100000000)
  region size 1024K, 2 young (2048K), 2 survivors (2048K)
 Metaspace       used 7415K, committed 7680K, reserved 1114112K
  class space    used 854K, committed 960K, reserved 1048576K
}
Event: 2.762 GC heap before
{Heap before GC invocations=2 (full 0):
 garbage-first heap   total 131072K, used 34137K [0x0000000081c00000, 0x0000000100000000)
  region size 1024K, 29 young (29696K), 2 survivors (2048K)
 Metaspace       used 15182K, committed 15488K, reserved 1114112K
  class space    used 1779K, committed 1920K, reserved 1048576K
}
Event: 2.770 GC heap after
{Heap after GC invocations=3 (full 0):
 garbage-first heap   total 131072K, used 9529K [0x0000000081c00000, 0x0000000100000000)
  region size 1024K, 4 young (4096K), 4 survivors (4096K)
 Metaspace       used 15182K, committed 15488K, reserved 1114112K
  class space    used 1779K, committed 1920K, reserved 1048576K
}

Dll operation events (10 events):
Event: 0.023 Loaded shared library C:\Program Files\Java\jdk-19\bin\java.dll
Event: 0.042 Loaded shared library C:\Program Files\Java\jdk-19\bin\jsvml.dll
Event: 0.232 Loaded shared library C:\Program Files\Java\jdk-19\bin\zip.dll
Event: 0.238 Loaded shared library C:\Program Files\Java\jdk-19\bin\instrument.dll
Event: 0.256 Loaded shared library C:\Program Files\Java\jdk-19\bin\net.dll
Event: 0.259 Loaded shared library C:\Program Files\Java\jdk-19\bin\nio.dll
Event: 0.264 Loaded shared library C:\Program Files\Java\jdk-19\bin\zip.dll
Event: 0.536 Loaded shared library C:\Program Files\JetBrains\IntelliJ IDEA Community Edition 2023.2\bin\breakgen64.dll
Event: 0.562 Loaded shared library C:\Program Files\Java\jdk-19\bin\extnet.dll
Event: 0.620 Loaded shared library C:\Program Files\Java\jdk-19\bin\jimage.dll

Deoptimization events (20 events):
Event: 3.780 Thread 0x0000016206c36440 Uncommon trap: trap_request=0xffffffde fr.pc=0x0000016217e5d340 relative=0x00000000000001a0
Event: 3.780 Thread 0x0000016206c36440 Uncommon trap: reason=class_check action=maybe_recompile pc=0x0000016217e5d340 method=java.lang.String.equals(Ljava/lang/Object;)Z @ 8 c2
Event: 3.780 Thread 0x0000016206c36440 DEOPT PACKING pc=0x0000016217e5d340 sp=0x00000016159fe790
Event: 3.780 Thread 0x0000016206c36440 DEOPT UNPACKING pc=0x0000016217916da3 sp=0x00000016159fe728 mode 2
Event: 3.780 Thread 0x0000016206c36440 Uncommon trap: trap_request=0xffffffde fr.pc=0x0000016217e5d340 relative=0x00000000000001a0
Event: 3.780 Thread 0x0000016206c36440 Uncommon trap: reason=class_check action=maybe_recompile pc=0x0000016217e5d340 method=java.lang.String.equals(Ljava/lang/Object;)Z @ 8 c2
Event: 3.780 Thread 0x0000016206c36440 DEOPT PACKING pc=0x0000016217e5d340 sp=0x00000016159fe790
Event: 3.780 Thread 0x0000016206c36440 DEOPT UNPACKING pc=0x0000016217916da3 sp=0x00000016159fe728 mode 2
Event: 3.782 Thread 0x0000016206c36440 Uncommon trap: trap_request=0xffffffde fr.pc=0x0000016217e5d340 relative=0x00000000000001a0
Event: 3.782 Thread 0x0000016206c36440 Uncommon trap: reason=class_check action=maybe_recompile pc=0x0000016217e5d340 method=java.lang.String.equals(Ljava/lang/Object;)Z @ 8 c2
Event: 3.782 Thread 0x0000016206c36440 DEOPT PACKING pc=0x0000016217e5d340 sp=0x00000016159fe3e0
Event: 3.782 Thread 0x0000016206c36440 DEOPT UNPACKING pc=0x0000016217916da3 sp=0x00000016159fe378 mode 2
Event: 4.162 Thread 0x0000016206c36440 Uncommon trap: trap_request=0xffffff45 fr.pc=0x0000016217f5f5d0 relative=0x0000000000000210
Event: 4.162 Thread 0x0000016206c36440 Uncommon trap: reason=unstable_if action=reinterpret pc=0x0000016217f5f5d0 method=org.springframework.beans.factory.support.AbstractBeanFactory.isFactoryBean(Ljava/lang/String;Lorg/springframework/beans/factory/support/RootBeanDefinition;)Z @ 40 c2
Event: 4.162 Thread 0x0000016206c36440 DEOPT PACKING pc=0x0000016217f5f5d0 sp=0x00000016159fe480
Event: 4.162 Thread 0x0000016206c36440 DEOPT UNPACKING pc=0x0000016217916da3 sp=0x00000016159fe440 mode 2
Event: 4.245 Thread 0x0000016206c36440 Uncommon trap: trap_request=0xffffff45 fr.pc=0x0000016217f541f4 relative=0x0000000000000414
Event: 4.245 Thread 0x0000016206c36440 Uncommon trap: reason=unstable_if action=reinterpret pc=0x0000016217f541f4 method=org.springframework.beans.factory.support.AbstractBeanFactory.getMergedLocalBeanDefinition(Ljava/lang/String;)Lorg/springframework/beans/factory/support/RootBeanDefinition; 
Event: 4.245 Thread 0x0000016206c36440 DEOPT PACKING pc=0x0000016217f541f4 sp=0x00000016159fe240
Event: 4.245 Thread 0x0000016206c36440 DEOPT UNPACKING pc=0x0000016217916da3 sp=0x00000016159fe1e8 mode 2

Classes loaded (20 events):
Event: 2.720 Loading class java/util/regex/Pattern$Loop done
Event: 2.720 Loading class java/util/regex/Pattern$LazyLoop done
Event: 2.720 Loading class java/util/regex/Pattern$Prolog
Event: 2.720 Loading class java/util/regex/Pattern$Prolog done
Event: 2.742 Loading class java/lang/AssertionError
Event: 2.743 Loading class java/lang/AssertionError done
Event: 2.918 Loading class java/lang/Thread$ThreadNumbering
Event: 2.918 Loading class java/lang/Thread$ThreadNumbering done
Event: 2.949 Loading class javax/naming/ldap/LdapContext
Event: 2.949 Loading class javax/naming/directory/DirContext
Event: 2.949 Loading class javax/naming/directory/DirContext done
Event: 2.950 Loading class javax/naming/ldap/LdapContext done
Event: 3.481 Loading class java/beans/PropertyVetoException
Event: 3.481 Loading class java/beans/PropertyVetoException done
Event: 3.544 Loading class java/nio/charset/CharacterCodingException
Event: 3.544 Loading class java/nio/charset/CharacterCodingException done
Event: 4.113 Loading class java/lang/UnsupportedClassVersionError
Event: 4.113 Loading class java/lang/ClassFormatError
Event: 4.113 Loading class java/lang/ClassFormatError done
Event: 4.113 Loading class java/lang/UnsupportedClassVersionError done

Classes unloaded (0 events):
No events

Classes redefined (0 events):
No events

Internal exceptions (20 events):
Event: 1.971 Thread 0x0000016206c36440 Exception <a 'java/lang/NoSuchMethodError'{0x0000000089b7b228}: 'void java.lang.invoke.DirectMethodHandle$Holder.invokeStaticInit(java.lang.Object, java.lang.Object)'> (0x0000000089b7b228) 
thrown [s\open\src\hotspot\share\interpreter\linkResolver.cpp, line 774]
Event: 1.974 Thread 0x0000016206c36440 Exception <a 'java/lang/NoSuchMethodError'{0x0000000089b87440}: 'void java.lang.invoke.DirectMethodHandle$Holder.invokeStaticInit(java.lang.Object, java.lang.Object, java.lang.Object)'> (0x0000000089b87440) 
thrown [s\open\src\hotspot\share\interpreter\linkResolver.cpp, line 774]
Event: 1.985 Thread 0x0000016206c36440 Exception <a 'java/lang/NoSuchMethodError'{0x0000000089bd8868}: 'java.lang.Object java.lang.invoke.DirectMethodHandle$Holder.invokeStatic(java.lang.Object, long, java.lang.Object)'> (0x0000000089bd8868) 
thrown [s\open\src\hotspot\share\interpreter\linkResolver.cpp, line 774]
Event: 1.985 Thread 0x0000016206c36440 Exception <a 'java/lang/NoSuchMethodError'{0x0000000089bdc168}: 'java.lang.Object java.lang.invoke.DirectMethodHandle$Holder.invokeStaticInit(java.lang.Object, long, java.lang.Object)'> (0x0000000089bdc168) 
thrown [s\open\src\hotspot\share\interpreter\linkResolver.cpp, line 774]
Event: 1.986 Thread 0x0000016206c36440 Exception <a 'java/lang/NoSuchMethodError'{0x0000000089be2198}: 'java.lang.Object java.lang.invoke.DirectMethodHandle$Holder.newInvokeSpecial(java.lang.Object, long)'> (0x0000000089be2198) 
thrown [s\open\src\hotspot\share\interpreter\linkResolver.cpp, line 774]
Event: 2.009 Thread 0x0000016206c36440 Exception <a 'java/lang/NoSuchMethodError'{0x0000000089a30d90}: 'void java.lang.invoke.DirectMethodHandle$Holder.invokeVirtual(java.lang.Object, java.lang.Object, java.lang.Object, java.lang.Object)'> (0x0000000089a30d90) 
thrown [s\open\src\hotspot\share\interpreter\linkResolver.cpp, line 774]
Event: 2.097 Thread 0x0000016206c36440 Exception <a 'java/lang/NoSuchMethodError'{0x0000000089973ab8}: 'void java.lang.invoke.DirectMethodHandle$Holder.invokeSpecial(java.lang.Object, java.lang.Object, java.lang.Object)'> (0x0000000089973ab8) 
thrown [s\open\src\hotspot\share\interpreter\linkResolver.cpp, line 774]
Event: 2.108 Thread 0x0000016206c36440 Exception <a 'java/lang/NoSuchMethodError'{0x000000008997a060}: 'void java.lang.invoke.DirectMethodHandle$Holder.invokeSpecial(java.lang.Object, java.lang.Object, java.lang.Object, java.lang.Object, java.lang.Object)'> (0x000000008997a060) 
thrown [s\open\src\hotspot\share\interpreter\linkResolver.cpp, line 774]
Event: 2.117 Thread 0x0000016206c36440 Exception <a 'java/lang/IncompatibleClassChangeError'{0x00000000899a5d88}: Found class java.lang.Object, but interface was expected> (0x00000000899a5d88) 
thrown [s\open\src\hotspot\share\interpreter\linkResolver.cpp, line 841]
Event: 2.134 Thread 0x000001622ada9a20 Exception <a 'java/lang/NoClassDefFoundError'{0x0000000089816710}: jakarta/validation/Validation> (0x0000000089816710) 
thrown [s\open\src\hotspot\share\classfile\systemDictionary.cpp, line 244]
Event: 2.351 Thread 0x0000016206c36440 Exception <a 'java/lang/NoSuchMethodError'{0x00000000890f62e0}: 'int java.lang.invoke.Invokers$Holder.invokeExact_MT(java.lang.Object, java.lang.Object)'> (0x00000000890f62e0) 
thrown [s\open\src\hotspot\share\interpreter\linkResolver.cpp, line 774]
Event: 2.710 Thread 0x0000016206c36440 Exception <a 'java/lang/NoSuchMethodError'{0x00000000880635d0}: 'int java.lang.invoke.DirectMethodHandle$Holder.invokeSpecial(java.lang.Object, java.lang.Object, java.lang.Object, java.lang.Object, java.lang.Object)'> (0x00000000880635d0) 
thrown [s\open\src\hotspot\share\interpreter\linkResolver.cpp, line 774]
Event: 2.713 Thread 0x0000016206c36440 Exception <a 'java/lang/NoSuchMethodError'{0x000000008806c618}: 'void java.lang.invoke.DirectMethodHandle$Holder.invokeVirtual(java.lang.Object, java.lang.Object)'> (0x000000008806c618) 
thrown [s\open\src\hotspot\share\interpreter\linkResolver.cpp, line 774]
Event: 2.747 Thread 0x000001622ada9a20 Exception <a 'java/lang/NoSuchMethodError'{0x0000000087f81120}: 'long java.lang.invoke.DirectMethodHandle$Holder.invokeSpecial(java.lang.Object, java.lang.Object)'> (0x0000000087f81120) 
thrown [s\open\src\hotspot\share\interpreter\linkResolver.cpp, line 774]
Event: 2.750 Thread 0x000001622ada9a20 Exception <a 'java/lang/NoSuchMethodError'{0x0000000087f98ce0}: 'long java.lang.invoke.DirectMethodHandle$Holder.invokeStatic(java.lang.Object, java.lang.Object)'> (0x0000000087f98ce0) 
thrown [s\open\src\hotspot\share\interpreter\linkResolver.cpp, line 774]
Event: 2.751 Thread 0x000001622ada9a20 Exception <a 'java/lang/NoSuchMethodError'{0x0000000087f9c2e8}: 'long java.lang.invoke.DirectMethodHandle$Holder.invokeStaticInit(java.lang.Object, java.lang.Object)'> (0x0000000087f9c2e8) 
thrown [s\open\src\hotspot\share\interpreter\linkResolver.cpp, line 774]
Event: 2.754 Thread 0x000001622ada9a20 Exception <a 'java/lang/NoSuchMethodError'{0x0000000087faa2f8}: 'long java.lang.invoke.DirectMethodHandle$Holder.invokeInterface(java.lang.Object, java.lang.Object)'> (0x0000000087faa2f8) 
thrown [s\open\src\hotspot\share\interpreter\linkResolver.cpp, line 774]
Event: 2.754 Thread 0x000001622ada9a20 Exception <a 'java/lang/IncompatibleClassChangeError'{0x0000000087fad890}: Found class java.lang.Object, but interface was expected> (0x0000000087fad890) 
thrown [s\open\src\hotspot\share\interpreter\linkResolver.cpp, line 841]
Event: 2.789 Thread 0x000001622ada9a20 Exception <a 'java/lang/NoSuchMethodError'{0x0000000089be2618}: 'java.lang.Object java.lang.invoke.DirectMethodHandle$Holder.invokeVirtual(java.lang.Object, java.lang.Object, java.lang.Object, java.lang.Object)'> (0x0000000089be2618) 
thrown [s\open\src\hotspot\share\interpreter\linkResolver.cpp, line 774]
Event: 3.036 Thread 0x0000016206c36440 Exception <a 'java/lang/IncompatibleClassChangeError'{0x000000008951d770}: Found class java.lang.Object, but interface was expected> (0x000000008951d770) 
thrown [s\open\src\hotspot\share\interpreter\linkResolver.cpp, line 841]

VM Operations (20 events):
Event: 2.084 Executing VM operation: HandshakeAllThreads
Event: 2.084 Executing VM operation: HandshakeAllThreads done
Event: 2.092 Executing VM operation: HandshakeAllThreads
Event: 2.092 Executing VM operation: HandshakeAllThreads done
Event: 2.092 Executing VM operation: HandshakeAllThreads
Event: 2.092 Executing VM operation: HandshakeAllThreads done
Event: 2.441 Executing VM operation: HandshakeAllThreads
Event: 2.441 Executing VM operation: HandshakeAllThreads done
Event: 2.677 Executing VM operation: HandshakeAllThreads
Event: 2.678 Executing VM operation: HandshakeAllThreads done
Event: 2.762 Executing VM operation: G1CollectForAllocation
Event: 2.770 Executing VM operation: G1CollectForAllocation done
Event: 3.536 Executing VM operation: ICBufferFull
Event: 3.536 Executing VM operation: ICBufferFull done
Event: 4.037 Executing VM operation: ICBufferFull
Event: 4.038 Executing VM operation: ICBufferFull done
Event: 4.240 Executing VM operation: HandshakeAllThreads
Event: 4.240 Executing VM operation: HandshakeAllThreads done
Event: 4.240 Executing VM operation: HandshakeAllThreads
Event: 4.241 Executing VM operation: HandshakeAllThreads done

Events (20 events):
Event: 0.042 Thread 0x0000016206c36440 Thread added: 0x0000016206c36440
Event: 0.066 Thread 0x0000016226adb560 Thread added: 0x0000016226adb560
Event: 0.067 Thread 0x0000016226adc960 Thread added: 0x0000016226adc960
Event: 0.067 Thread 0x0000016226adee60 Thread added: 0x0000016226adee60
Event: 0.067 Thread 0x0000016226ae0a20 Thread added: 0x0000016226ae0a20
Event: 0.067 Thread 0x0000016226ae1eb0 Thread added: 0x0000016226ae1eb0
Event: 0.067 Thread 0x0000016226ae40d0 Thread added: 0x0000016226ae40d0
Event: 0.068 Thread 0x0000016226aebb70 Thread added: 0x0000016226aebb70
Event: 0.068 Thread 0x0000016226aee430 Thread added: 0x0000016226aee430
Event: 0.068 Thread 0x0000016226b01d10 Thread added: 0x0000016226b01d10
Event: 0.192 Thread 0x000001622adaaa10 Thread added: 0x000001622adaaa10
Event: 0.538 Thread 0x000001622ada8f80 Thread added: 0x000001622ada8f80
Event: 0.538 Thread 0x000001622ada94d0 Thread added: 0x000001622ada94d0
Event: 0.814 Thread 0x000001622b381bd0 Thread added: 0x000001622b381bd0
Event: 1.261 Thread 0x000001622b381bd0 Thread exited: 0x000001622b381bd0
Event: 1.899 Thread 0x000001622b8fe590 Thread added: 0x000001622b8fe590
Event: 2.113 Thread 0x000001622ada9a20 Thread added: 0x000001622ada9a20
Event: 2.793 Thread 0x000001622ada9a20 Thread exited: 0x000001622ada9a20
Event: 2.919 Thread 0x000001622ada74f0 Thread added: 0x000001622ada74f0
Event: 2.969 Thread 0x000001622ada74f0 Thread exited: 0x000001622ada74f0


Dynamic libraries:
0x00007ff6b1770000 - 0x00007ff6b1780000 	C:\Program Files\Java\jdk-19\bin\java.exe
0x00007ffe7c130000 - 0x00007ffe7c328000 	C:\Windows\SYSTEM32\ntdll.dll
0x00007ffe7a200000 - 0x00007ffe7a2bf000 	C:\Windows\System32\KERNEL32.DLL
0x00007ffe79810000 - 0x00007ffe79b06000 	C:\Windows\System32\KERNELBASE.dll
0x00007ffe79b40000 - 0x00007ffe79c40000 	C:\Windows\System32\ucrtbase.dll
0x00007ffe6fb80000 - 0x00007ffe6fb9b000 	C:\Program Files\Java\jdk-19\bin\VCRUNTIME140.dll
0x00007ffe65b40000 - 0x00007ffe65b58000 	C:\Program Files\Java\jdk-19\bin\jli.dll
0x00007ffe7b880000 - 0x00007ffe7b92f000 	C:\Windows\System32\ADVAPI32.dll
0x00007ffe7b7e0000 - 0x00007ffe7b87e000 	C:\Windows\System32\msvcrt.dll
0x00007ffe7bd20000 - 0x00007ffe7bdbc000 	C:\Windows\System32\sechost.dll
0x00007ffe7bbf0000 - 0x00007ffe7bd16000 	C:\Windows\System32\RPCRT4.dll
0x00007ffe7b9c0000 - 0x00007ffe7bb5d000 	C:\Windows\System32\USER32.dll
0x00007ffe79b10000 - 0x00007ffe79b32000 	C:\Windows\System32\win32u.dll
0x00007ffe7b340000 - 0x00007ffe7b36c000 	C:\Windows\System32\GDI32.dll
0x00007ffe79f00000 - 0x00007ffe7a015000 	C:\Windows\System32\gdi32full.dll
0x00007ffe79e60000 - 0x00007ffe79efd000 	C:\Windows\System32\msvcp_win.dll
0x00007ffe61ae0000 - 0x00007ffe61d7a000 	C:\Windows\WinSxS\amd64_microsoft.windows.common-controls_6595b64144ccf1df_6.0.19041.1110_none_60b5254171f9507e\COMCTL32.dll
0x00007ffe6f080000 - 0x00007ffe6f08a000 	C:\Windows\SYSTEM32\VERSION.dll
0x00007ffe7b930000 - 0x00007ffe7b960000 	C:\Windows\System32\IMM32.DLL
0x00007ffe72a80000 - 0x00007ffe72a8c000 	C:\Program Files\Java\jdk-19\bin\vcruntime140_1.dll
0x00007ffe61550000 - 0x00007ffe615de000 	C:\Program Files\Java\jdk-19\bin\msvcp140.dll
0x00007ffdfd6e0000 - 0x00007ffdfe3a0000 	C:\Program Files\Java\jdk-19\bin\server\jvm.dll
0x00007ffe6fb60000 - 0x00007ffe6fb69000 	C:\Windows\SYSTEM32\WSOCK32.dll
0x00007ffe7bfc0000 - 0x00007ffe7c02b000 	C:\Windows\System32\WS2_32.dll
0x00007ffe48140000 - 0x00007ffe48167000 	C:\Windows\SYSTEM32\WINMM.dll
0x00007ffe78050000 - 0x00007ffe78062000 	C:\Windows\SYSTEM32\kernel.appcore.dll
0x00007ffe718b0000 - 0x00007ffe718ba000 	C:\Program Files\Java\jdk-19\bin\jimage.dll
0x00007ffe74570000 - 0x00007ffe74754000 	C:\Windows\SYSTEM32\DBGHELP.DLL
0x00007ffe5bf20000 - 0x00007ffe5bf54000 	C:\Windows\SYSTEM32\dbgcore.DLL
0x00007ffe7a050000 - 0x00007ffe7a0d2000 	C:\Windows\System32\bcryptPrimitives.dll
0x00007ffe6fc10000 - 0x00007ffe6fc1e000 	C:\Program Files\Java\jdk-19\bin\instrument.dll
0x00007ffe617a0000 - 0x00007ffe617c6000 	C:\Program Files\Java\jdk-19\bin\java.dll
0x00007ffe25e80000 - 0x00007ffe25f57000 	C:\Program Files\Java\jdk-19\bin\jsvml.dll
0x00007ffe7abf0000 - 0x00007ffe7b334000 	C:\Windows\System32\SHELL32.dll
0x00007ffe74760000 - 0x00007ffe74ef3000 	C:\Windows\SYSTEM32\windows.storage.dll
0x00007ffe7a7f0000 - 0x00007ffe7ab44000 	C:\Windows\System32\combase.dll
0x00007ffe79180000 - 0x00007ffe791ae000 	C:\Windows\SYSTEM32\Wldp.dll
0x00007ffe7a2c0000 - 0x00007ffe7a36d000 	C:\Windows\System32\SHCORE.dll
0x00007ffe7b960000 - 0x00007ffe7b9b5000 	C:\Windows\System32\shlwapi.dll
0x00007ffe79750000 - 0x00007ffe7976f000 	C:\Windows\SYSTEM32\profapi.dll
0x00007ffe22560000 - 0x00007ffe22578000 	C:\Program Files\Java\jdk-19\bin\zip.dll
0x00007ffe61530000 - 0x00007ffe61543000 	C:\Program Files\Java\jdk-19\bin\net.dll
0x00007ffe67860000 - 0x00007ffe6796a000 	C:\Windows\SYSTEM32\WINHTTP.dll
0x00007ffe78ee0000 - 0x00007ffe78f4a000 	C:\Windows\system32\mswsock.dll
0x00007ffe2ead0000 - 0x00007ffe2eae6000 	C:\Program Files\Java\jdk-19\bin\nio.dll
0x00007ffe22540000 - 0x00007ffe2255a000 	C:\Program Files\JetBrains\IntelliJ IDEA Community Edition 2023.2\bin\breakgen64.dll
0x00007ffe71860000 - 0x00007ffe71868000 	C:\Program Files\Java\jdk-19\bin\extnet.dll

dbghelp: loaded successfully - version: 4.0.5 - missing functions: none
symbol engine: initialized successfully - sym options: 0x614 - pdb path: .;C:\Program Files\Java\jdk-19\bin;C:\Windows\SYSTEM32;C:\Windows\WinSxS\amd64_microsoft.windows.common-controls_6595b64144ccf1df_6.0.19041.1110_none_60b5254171f9507e;C:\Program Files\Java\jdk-19\bin\server;C:\Program Files\JetBrains\IntelliJ IDEA Community Edition 2023.2\bin

VM Arguments:
jvm_args: -javaagent:C:\Program Files\JetBrains\IntelliJ IDEA Community Edition 2023.2\lib\idea_rt.jar=51264:C:\Program Files\JetBrains\IntelliJ IDEA Community Edition 2023.2\bin -Dfile.encoding=UTF-8 -Dsun.stdout.encoding=UTF-8 -Dsun.stderr.encoding=UTF-8 
java_command: com.krr.ProductManagementWebUsingSpringBoot.ProductManagementWebAppApplication
java_class_path (initial): C:\Users\A\Downloads\ProductManagementWebUsingSpringBoot\target\classes;C:\Users\A\.m2\repository\org\springframework\boot\spring-boot-starter-data-jpa\3.1.2\spring-boot-starter-data-jpa-3.1.2.jar;C:\Users\A\.m2\repository\org\springframework\boot\spring-boot-starter-aop\3.1.2\spring-boot-starter-aop-3.1.2.jar;C:\Users\A\.m2\repository\org\springframework\spring-aop\6.0.11\spring-aop-6.0.11.jar;C:\Users\A\.m2\repository\org\aspectj\aspectjweaver\1.9.19\aspectjweaver-1.9.19.jar;C:\Users\A\.m2\repository\org\springframework\boot\spring-boot-starter-jdbc\3.1.2\spring-boot-starter-jdbc-3.1.2.jar;C:\Users\A\.m2\repository\com\zaxxer\HikariCP\5.0.1\HikariCP-5.0.1.jar;C:\Users\A\.m2\repository\org\springframework\spring-jdbc\6.0.11\spring-jdbc-6.0.11.jar;C:\Users\A\.m2\repository\org\hibernate\orm\hibernate-core\6.2.6.Final\hibernate-core-6.2.6.Final.jar;C:\Users\A\.m2\repository\jakarta\persistence\jakarta.persistence-api\3.1.0\jakarta.persistence-api-3.1.0.jar;C:\Users\A\.m2\repository\jakarta\transaction\jakarta.transaction-api\2.0.1\jakarta.transaction-api-2.0.1.jar;C:\Users\A\.m2\repository\org\jboss\logging\jboss-logging\3.5.3.Final\jboss-logging-3.5.3.Final.jar;C:\Users\A\.m2\repository\org\hibernate\common\hibernate-commons-annotations\6.0.6.Final\hibernate-commons-annotations-6.0.6.Final.jar;C:\Users\A\.m2\repository\io\smallrye\jandex\3.0.5\jandex-3.0.5.jar;C:\Users\A\.m2\repository\com\fasterxml\classmate\1.5.1\classmate-1.5.1.jar;C:\Users\A\.m2\repository\net\bytebuddy\byte-buddy\1.14.5\byte-buddy-1.14.5.jar;C:\Users\A\.m2\repository\org\glassfish\jaxb\jaxb-runtime\4.0.3\jaxb-runtime-4.0.3.jar;C:\Users\A\.m2\repository\org\glassfish\jaxb\jaxb-core\4.0.3\jaxb-core-4.0.3.jar;C:\Users\A\.m2\repository\org\eclipse\angus\angus-activation\2.0.1\angus-activation-2.0.1.jar;C:\Users\A\.m2\repository\org\glassfish\jaxb\txw2\4.0.3\txw2-4.0.3.jar;C:\Users\A\.m2\repository\com\sun\istack\istack-commons-runtime\4.1.2\istack-commons-runtime-4.1.2.jar;C:\Users\A\.m2\repository\jakarta\inject\jakarta.inject-api\2.0.1\jakarta.inject-api-2.0.1.jar;C:\Users\A\.m2\repository\org\antlr\antlr4-runtime\4.10.1\antlr4-runtime-4.10.1.jar;C:\Users\A\.m2\repository\org\springframework\data\spring-data-jpa\3.1.2\spring-data-jpa-3.1.2.jar;C:\Users\A\.m2\repository\org\springframework\data\spring-data-commons\3.1.2\spring-data-commons-3.1.2.jar;C:\Users\A\.m2\repository\org\springframework\spring-orm\6.0.11\spring-orm-6.0.11.jar;C:\Users\A\.m2\repository\org\springframework\spring-context\6.0.11\spring-context-6.0.11.jar;C:\Users\A\.m2\repository\org\springframework\spring-tx\6.0.11\spring-tx-6.0.11.jar;C:\Users\A\.m2\repository\org\springframework\spring-beans\6.0.11\spring-beans-6.0.11.jar;C:\Users\A\.m2\repository\jakarta\annotation\jakarta.annotation-api\2.1.1\jakarta.annotation-api-2.1.1.jar;C:\Users\A\.m2\repository\org\slf4j\slf4j-api\2.0.7\slf4j-api-2.0.7.jar;C:\Users\A\.m2\repository\org\springframework\spring-aspects\6.0.11\spring-aspects-6.0.11.jar;C:\Users\A\.m2\repository\org\springframework\boot\spring-boot-starter-web\3.1.2\spring-boot-starter-web-3.1.2.jar;C:\Users\A\.m2\repository\org\springframework\boot\spring-boot-starter\3.1.2\spring-boot-starter-3.1.2.jar;C:\Users\A\.m2\repository\org\springframework\boot\spring-boot\3.1.2\spring-boot-3.1.2.jar;C:\Users\A\.m2\repository\org\springframework\boot\spring-boot-autoconfigure\3.1.2\spring-boot-autoconfigure-3.1.2.jar;C:\Users\A\.m2\repository\org\springframework\boot\spring-boot-starter-logging\3.1.2\spring-boot-starter-logging-3.1.2.jar;C:\Users\A\.m2\repository\ch\qos\logback\logback-classic\1.4.8\logback-classic-1.4.8.jar;C:\Users\A\.m2\repository\ch\qos\logback\logback-core\1.4.8\logback-core-1.4.8.jar;C:\Users\A\.m2\repository\org\apache\logging\log4j\log4j-to-slf4j\2.20.0\log4j-to-slf4j-2.20.0.jar;C:\Users\A\.m2\repository\org\apache\logging\log4j\log4j-api\2.20.0\log4j-api-2.20.0.jar;C:\Users\A\.m2\repository\org\slf4j\jul-to-slf4j\2.0.7\jul-to-slf4j-2.0.7.jar;C:\Users\A\.m2\repository\org\yaml\snakeyaml\1.33\snakeyaml-1.33.jar;C:\Users\A\.m2\repository\org\springframework\boot\spring-boot-starter-json\3.1.2\spring-boot-starter-json-3.1.2.jar;C:\Users\A\.m2\repository\com\fasterxml\jackson\core\jackson-databind\2.15.2\jackson-databind-2.15.2.jar;C:\Users\A\.m2\repository\com\fasterxml\jackson\core\jackson-annotations\2.15.2\jackson-annotations-2.15.2.jar;C:\Users\A\.m2\repository\com\fasterxml\jackson\core\jackson-core\2.15.2\jackson-core-2.15.2.jar;C:\Users\A\.m2\repository\com\fasterxml\jackson\datatype\jackson-datatype-jdk8\2.15.2\jackson-datatype-jdk8-2.15.2.jar;C:\Users\A\.m2\repository\com\fasterxml\jackson\datatype\jackson-datatype-jsr310\2.15.2\jackson-datatype-jsr310-2.15.2.jar;C:\Users\A\.m2\repository\com\fasterxml\jackson\module\jackson-module-parameter-names\2.15.2\jackson-module-parameter-names-2.15.2.jar;C:\Users\A\.m2\repository\org\springframework\boot\spring-boot-starter-tomcat\3.1.2\spring-boot-starter-tomcat-3.1.2.jar;C:\Users\A\.m2\repository\org\apache\tomcat\embed\tomcat-embed-core\10.1.11\tomcat-embed-core-10.1.11.jar;C:\Users\A\.m2\repository\org\apache\tomcat\embed\tomcat-embed-el\10.1.11\tomcat-embed-el-10.1.11.jar;C:\Users\A\.m2\repository\org\apache\tomcat\embed\tomcat-embed-websocket\10.1.11\tomcat-embed-websocket-10.1.11.jar;C:\Users\A\.m2\repository\org\springframework\spring-web\6.0.11\spring-web-6.0.11.jar;C:\Users\A\.m2\repository\io\micrometer\micrometer-observation\1.11.2\micrometer-observation-1.11.2.jar;C:\Users\A\.m2\repository\io\micrometer\micrometer-commons\1.11.2\micrometer-commons-1.11.2.jar;C:\Users\A\.m2\repository\org\springframework\spring-webmvc\6.0.11\spring-webmvc-6.0.11.jar;C:\Users\A\.m2\repository\org\springframework\spring-expression\6.0.11\spring-expression-6.0.11.jar;C:\Users\A\.m2\repository\org\postgresql\postgresql\42.6.0\postgresql-42.6.0.jar;C:\Users\A\.m2\repository\org\checkerframework\checker-qual\3.31.0\checker-qual-3.31.0.jar;C:\Users\A\.m2\repository\org\projectlombok\lombok\1.18.28\lombok-1.18.28.jar;C:\Users\A\.m2\repository\jakarta\xml\bind\jakarta.xml.bind-api\4.0.0\jakarta.xml.bind-api-4.0.0.jar;C:\Users\A\.m2\repository\jakarta\activation\jakarta.activation-api\2.1.2\jakarta.activation-api-2.1.2.jar;C:\Users\A\.m2\repository\org\springframework\spring-core\6.0.11\spring-core-6.0.11.jar;C:\Users\A\.m2\repository\org\springframework\spring-jcl\6.0.11\spring-jcl-6.0.11.jar
Launcher Type: SUN_STANDARD

[Global flags]
     intx CICompilerCount                          = 3                                         {product} {ergonomic}
     uint ConcGCThreads                            = 1                                         {product} {ergonomic}
     uint G1ConcRefinementThreads                  = 4                                         {product} {ergonomic}
   size_t G1HeapRegionSize                         = 1048576                                   {product} {ergonomic}
    uintx GCDrainStackTargetSize                   = 64                                        {product} {ergonomic}
   size_t InitialHeapSize                          = 134217728                                 {product} {ergonomic}
   size_t MarkStackSize                            = 4194304                                   {product} {ergonomic}
   size_t MaxHeapSize                              = 2118123520                                {product} {ergonomic}
   size_t MaxNewSize                               = 1270874112                                {product} {ergonomic}
   size_t MinHeapDeltaBytes                        = 1048576                                   {product} {ergonomic}
   size_t MinHeapSize                              = 8388608                                   {product} {ergonomic}
    uintx NonNMethodCodeHeapSize                   = 5832780                                {pd product} {ergonomic}
    uintx NonProfiledCodeHeapSize                  = 122912730                              {pd product} {ergonomic}
    uintx ProfiledCodeHeapSize                     = 122912730                              {pd product} {ergonomic}
    uintx ReservedCodeCacheSize                    = 251658240                              {pd product} {ergonomic}
     bool SegmentedCodeCache                       = true                                      {product} {ergonomic}
   size_t SoftMaxHeapSize                          = 2118123520                             {manageable} {ergonomic}
     bool UseCompressedClassPointers               = true                           {product lp64_product} {ergonomic}
     bool UseCompressedOops                        = true                           {product lp64_product} {ergonomic}
     bool UseG1GC                                  = true                                      {product} {ergonomic}
     bool UseLargePagesIndividualAllocation        = false                                  {pd product} {ergonomic}

Logging:
Log output configuration:
 #0: stdout all=warning uptime,level,tags foldmultilines=false
 #1: stderr all=off uptime,level,tags foldmultilines=false

Environment Variables:
JAVA_HOME=C:\Program Files\Java\jdk-19
PATH=C:\Program Files\Microsoft\jdk-11.0.12.7-hotspot\bin;C:\Program Files\Common Files\Oracle\Java\javapath;C:\Windows\system32;C:\Windows;C:\Windows\System32\Wbem;C:\Windows\System32\WindowsPowerShell\v1.0\;C:\Windows\System32\OpenSSH\;C:\Program Files\Java\jdk-19\bin;C:\Program Files\Common Files\Oracle\Java\javapath;C:\Program Files\Microsoft SQL Server\150\Tools\Binn\;C:\Program Files\Microsoft SQL Server\Client SDK\ODBC\170\Tools\Binn\;C:\Program Files\dotnet\;C:\Program Files (x86)\Microsoft SQL Server\110\Tools\Binn\;C:\Program Files\Microsoft SQL Server\110\Tools\Binn\;C:\Program Files\Microsoft SQL Server\110\DTS\Binn\;C:\Program Files (x86)\Microsoft SQL Server\150\Tools\Binn\;C:\Program Files\Microsoft SQL Server\150\DTS\Binn\;C:\Program Files (x86)\Microsoft SQL Server\160\DTS\Binn\;C:\Program Files\Azure Data Studio\bin;C:\Program Files (x86)\Microsoft SQL Server\150\DTS\Binn\;C:\Users\A\AppData\Local\Microsoft\WindowsApps;C:\Users\A\.dotnet\tools;C:\Program Files\Azure Data Studio\bin;C:\Program Files\JetBrains\IntelliJ IDEA Community Edition 2023.2\bin;
USERNAME=A
OS=Windows_NT
PROCESSOR_IDENTIFIER=Intel64 Family 6 Model 78 Stepping 3, GenuineIntel
TMP=C:\Users\A\AppData\Local\Temp
TEMP=C:\Users\A\AppData\Local\Temp



---------------  S Y S T E M  ---------------

OS:
 Windows 10 , 64 bit Build 19041 (10.0.19041.3031)
OS uptime: 3 days 3:26 hours

CPU: total 4 (initial active 4) (2 cores per cpu, 2 threads per core) family 6 model 78 stepping 3 microcode 0xcc, cx8, cmov, fxsr, ht, mmx, 3dnowpref, sse, sse2, sse3, ssse3, sse4.1, sse4.2, popcnt, lzcnt, tsc, tscinvbit, avx, avx2, aes, erms, clmul, bmi1, bmi2, rtm, adx, fma, vzeroupper, clflush, clflushopt, rdtscp

Memory: 4k page, system-wide physical 8072M (789M free)
TotalPageFile size 14121M (AvailPageFile size 4M)
current process WorkingSet (physical memory assigned to process): 127M, peak: 127M
current process commit charge ("private bytes"): 254M, peak: 254M

vm_info: Java HotSpot(TM) 64-Bit Server VM (19+36-2238) for windows-amd64 JRE (19+36-2238), built on 2022-08-12T20:29:01Z by "mach5one" with MS VC++ 17.1 (VS2022)

END.
